ARM GAS  /tmp/ccCCwsZV.s 			page 1


   1              		.cpu cortex-m7
   2              		.eabi_attribute 28, 1
   3              		.eabi_attribute 20, 1
   4              		.eabi_attribute 21, 1
   5              		.eabi_attribute 23, 3
   6              		.eabi_attribute 24, 1
   7              		.eabi_attribute 25, 1
   8              		.eabi_attribute 26, 1
   9              		.eabi_attribute 30, 1
  10              		.eabi_attribute 34, 1
  11              		.eabi_attribute 18, 4
  12              		.file	"stm32f7xx_hal_msp.c"
  13              		.text
  14              	.Ltext0:
  15              		.cfi_sections	.debug_frame
  16              		.section	.text.HAL_MspInit,"ax",%progbits
  17              		.align	1
  18              		.global	HAL_MspInit
  19              		.arch armv7e-m
  20              		.syntax unified
  21              		.thumb
  22              		.thumb_func
  23              		.fpu fpv5-d16
  25              	HAL_MspInit:
  26              	.LFB141:
  27              		.file 1 "Core/Src/stm32f7xx_hal_msp.c"
   1:Core/Src/stm32f7xx_hal_msp.c **** /* USER CODE BEGIN Header */
   2:Core/Src/stm32f7xx_hal_msp.c **** /**
   3:Core/Src/stm32f7xx_hal_msp.c ****   ******************************************************************************
   4:Core/Src/stm32f7xx_hal_msp.c ****   * File Name          : stm32f7xx_hal_msp.c
   5:Core/Src/stm32f7xx_hal_msp.c ****   * Description        : This file provides code for the MSP Initialization
   6:Core/Src/stm32f7xx_hal_msp.c ****   *                      and de-Initialization codes.
   7:Core/Src/stm32f7xx_hal_msp.c ****   ******************************************************************************
   8:Core/Src/stm32f7xx_hal_msp.c ****   * @attention
   9:Core/Src/stm32f7xx_hal_msp.c ****   *
  10:Core/Src/stm32f7xx_hal_msp.c ****   * <h2><center>&copy; Copyright (c) 2020 STMicroelectronics.
  11:Core/Src/stm32f7xx_hal_msp.c ****   * All rights reserved.</center></h2>
  12:Core/Src/stm32f7xx_hal_msp.c ****   *
  13:Core/Src/stm32f7xx_hal_msp.c ****   * This software component is licensed by ST under Ultimate Liberty license
  14:Core/Src/stm32f7xx_hal_msp.c ****   * SLA0044, the "License"; You may not use this file except in compliance with
  15:Core/Src/stm32f7xx_hal_msp.c ****   * the License. You may obtain a copy of the License at:
  16:Core/Src/stm32f7xx_hal_msp.c ****   *                             www.st.com/SLA0044
  17:Core/Src/stm32f7xx_hal_msp.c ****   *
  18:Core/Src/stm32f7xx_hal_msp.c ****   ******************************************************************************
  19:Core/Src/stm32f7xx_hal_msp.c ****   */
  20:Core/Src/stm32f7xx_hal_msp.c **** /* USER CODE END Header */
  21:Core/Src/stm32f7xx_hal_msp.c **** 
  22:Core/Src/stm32f7xx_hal_msp.c **** /* Includes ------------------------------------------------------------------*/
  23:Core/Src/stm32f7xx_hal_msp.c **** #include "main.h"
  24:Core/Src/stm32f7xx_hal_msp.c **** /* USER CODE BEGIN Includes */
  25:Core/Src/stm32f7xx_hal_msp.c **** 
  26:Core/Src/stm32f7xx_hal_msp.c **** /* USER CODE END Includes */
  27:Core/Src/stm32f7xx_hal_msp.c **** 
  28:Core/Src/stm32f7xx_hal_msp.c **** /* Private typedef -----------------------------------------------------------*/
  29:Core/Src/stm32f7xx_hal_msp.c **** /* USER CODE BEGIN TD */
  30:Core/Src/stm32f7xx_hal_msp.c **** 
  31:Core/Src/stm32f7xx_hal_msp.c **** /* USER CODE END TD */
ARM GAS  /tmp/ccCCwsZV.s 			page 2


  32:Core/Src/stm32f7xx_hal_msp.c **** 
  33:Core/Src/stm32f7xx_hal_msp.c **** /* Private define ------------------------------------------------------------*/
  34:Core/Src/stm32f7xx_hal_msp.c **** /* USER CODE BEGIN Define */
  35:Core/Src/stm32f7xx_hal_msp.c **** 
  36:Core/Src/stm32f7xx_hal_msp.c **** /* USER CODE END Define */
  37:Core/Src/stm32f7xx_hal_msp.c **** 
  38:Core/Src/stm32f7xx_hal_msp.c **** /* Private macro -------------------------------------------------------------*/
  39:Core/Src/stm32f7xx_hal_msp.c **** /* USER CODE BEGIN Macro */
  40:Core/Src/stm32f7xx_hal_msp.c **** 
  41:Core/Src/stm32f7xx_hal_msp.c **** /* USER CODE END Macro */
  42:Core/Src/stm32f7xx_hal_msp.c **** 
  43:Core/Src/stm32f7xx_hal_msp.c **** /* Private variables ---------------------------------------------------------*/
  44:Core/Src/stm32f7xx_hal_msp.c **** /* USER CODE BEGIN PV */
  45:Core/Src/stm32f7xx_hal_msp.c **** 
  46:Core/Src/stm32f7xx_hal_msp.c **** /* USER CODE END PV */
  47:Core/Src/stm32f7xx_hal_msp.c **** 
  48:Core/Src/stm32f7xx_hal_msp.c **** /* Private function prototypes -----------------------------------------------*/
  49:Core/Src/stm32f7xx_hal_msp.c **** /* USER CODE BEGIN PFP */
  50:Core/Src/stm32f7xx_hal_msp.c **** 
  51:Core/Src/stm32f7xx_hal_msp.c **** /* USER CODE END PFP */
  52:Core/Src/stm32f7xx_hal_msp.c **** 
  53:Core/Src/stm32f7xx_hal_msp.c **** /* External functions --------------------------------------------------------*/
  54:Core/Src/stm32f7xx_hal_msp.c **** /* USER CODE BEGIN ExternalFunctions */
  55:Core/Src/stm32f7xx_hal_msp.c **** 
  56:Core/Src/stm32f7xx_hal_msp.c **** /* USER CODE END ExternalFunctions */
  57:Core/Src/stm32f7xx_hal_msp.c **** 
  58:Core/Src/stm32f7xx_hal_msp.c **** /* USER CODE BEGIN 0 */
  59:Core/Src/stm32f7xx_hal_msp.c **** 
  60:Core/Src/stm32f7xx_hal_msp.c **** /* USER CODE END 0 */
  61:Core/Src/stm32f7xx_hal_msp.c **** /**
  62:Core/Src/stm32f7xx_hal_msp.c ****   * Initializes the Global MSP.
  63:Core/Src/stm32f7xx_hal_msp.c ****   */
  64:Core/Src/stm32f7xx_hal_msp.c **** void HAL_MspInit(void)
  65:Core/Src/stm32f7xx_hal_msp.c **** {
  28              		.loc 1 65 1 view -0
  29              		.cfi_startproc
  30              		@ args = 0, pretend = 0, frame = 8
  31              		@ frame_needed = 0, uses_anonymous_args = 0
  32              		@ link register save eliminated.
  33 0000 82B0     		sub	sp, sp, #8
  34              	.LCFI0:
  35              		.cfi_def_cfa_offset 8
  66:Core/Src/stm32f7xx_hal_msp.c ****   /* USER CODE BEGIN MspInit 0 */
  67:Core/Src/stm32f7xx_hal_msp.c **** 
  68:Core/Src/stm32f7xx_hal_msp.c ****   /* USER CODE END MspInit 0 */
  69:Core/Src/stm32f7xx_hal_msp.c **** 
  70:Core/Src/stm32f7xx_hal_msp.c ****   __HAL_RCC_PWR_CLK_ENABLE();
  36              		.loc 1 70 3 view .LVU1
  37              	.LBB2:
  38              		.loc 1 70 3 view .LVU2
  39              		.loc 1 70 3 view .LVU3
  40 0002 0A4B     		ldr	r3, .L3
  41 0004 1A6C     		ldr	r2, [r3, #64]
  42 0006 42F08052 		orr	r2, r2, #268435456
  43 000a 1A64     		str	r2, [r3, #64]
  44              		.loc 1 70 3 view .LVU4
  45 000c 1A6C     		ldr	r2, [r3, #64]
ARM GAS  /tmp/ccCCwsZV.s 			page 3


  46 000e 02F08052 		and	r2, r2, #268435456
  47 0012 0092     		str	r2, [sp]
  48              		.loc 1 70 3 view .LVU5
  49 0014 009A     		ldr	r2, [sp]
  50              	.LBE2:
  51              		.loc 1 70 3 view .LVU6
  71:Core/Src/stm32f7xx_hal_msp.c ****   __HAL_RCC_SYSCFG_CLK_ENABLE();
  52              		.loc 1 71 3 view .LVU7
  53              	.LBB3:
  54              		.loc 1 71 3 view .LVU8
  55              		.loc 1 71 3 view .LVU9
  56 0016 5A6C     		ldr	r2, [r3, #68]
  57 0018 42F48042 		orr	r2, r2, #16384
  58 001c 5A64     		str	r2, [r3, #68]
  59              		.loc 1 71 3 view .LVU10
  60 001e 5B6C     		ldr	r3, [r3, #68]
  61 0020 03F48043 		and	r3, r3, #16384
  62 0024 0193     		str	r3, [sp, #4]
  63              		.loc 1 71 3 view .LVU11
  64 0026 019B     		ldr	r3, [sp, #4]
  65              	.LBE3:
  66              		.loc 1 71 3 view .LVU12
  72:Core/Src/stm32f7xx_hal_msp.c **** 
  73:Core/Src/stm32f7xx_hal_msp.c ****   /* System interrupt init*/
  74:Core/Src/stm32f7xx_hal_msp.c **** 
  75:Core/Src/stm32f7xx_hal_msp.c ****   /* USER CODE BEGIN MspInit 1 */
  76:Core/Src/stm32f7xx_hal_msp.c **** 
  77:Core/Src/stm32f7xx_hal_msp.c ****   /* USER CODE END MspInit 1 */
  78:Core/Src/stm32f7xx_hal_msp.c **** }
  67              		.loc 1 78 1 is_stmt 0 view .LVU13
  68 0028 02B0     		add	sp, sp, #8
  69              	.LCFI1:
  70              		.cfi_def_cfa_offset 0
  71              		@ sp needed
  72 002a 7047     		bx	lr
  73              	.L4:
  74              		.align	2
  75              	.L3:
  76 002c 00380240 		.word	1073887232
  77              		.cfi_endproc
  78              	.LFE141:
  80              		.section	.text.HAL_UART_MspInit,"ax",%progbits
  81              		.align	1
  82              		.global	HAL_UART_MspInit
  83              		.syntax unified
  84              		.thumb
  85              		.thumb_func
  86              		.fpu fpv5-d16
  88              	HAL_UART_MspInit:
  89              	.LVL0:
  90              	.LFB142:
  79:Core/Src/stm32f7xx_hal_msp.c **** 
  80:Core/Src/stm32f7xx_hal_msp.c **** /**
  81:Core/Src/stm32f7xx_hal_msp.c **** * @brief UART MSP Initialization
  82:Core/Src/stm32f7xx_hal_msp.c **** * This function configures the hardware resources used in this example
  83:Core/Src/stm32f7xx_hal_msp.c **** * @param huart: UART handle pointer
  84:Core/Src/stm32f7xx_hal_msp.c **** * @retval None
ARM GAS  /tmp/ccCCwsZV.s 			page 4


  85:Core/Src/stm32f7xx_hal_msp.c **** */
  86:Core/Src/stm32f7xx_hal_msp.c **** void HAL_UART_MspInit(UART_HandleTypeDef* huart)
  87:Core/Src/stm32f7xx_hal_msp.c **** {
  91              		.loc 1 87 1 is_stmt 1 view -0
  92              		.cfi_startproc
  93              		@ args = 0, pretend = 0, frame = 32
  94              		@ frame_needed = 0, uses_anonymous_args = 0
  95              		.loc 1 87 1 is_stmt 0 view .LVU15
  96 0000 00B5     		push	{lr}
  97              	.LCFI2:
  98              		.cfi_def_cfa_offset 4
  99              		.cfi_offset 14, -4
 100 0002 89B0     		sub	sp, sp, #36
 101              	.LCFI3:
 102              		.cfi_def_cfa_offset 40
  88:Core/Src/stm32f7xx_hal_msp.c ****   GPIO_InitTypeDef GPIO_InitStruct = {0};
 103              		.loc 1 88 3 is_stmt 1 view .LVU16
 104              		.loc 1 88 20 is_stmt 0 view .LVU17
 105 0004 0023     		movs	r3, #0
 106 0006 0393     		str	r3, [sp, #12]
 107 0008 0493     		str	r3, [sp, #16]
 108 000a 0593     		str	r3, [sp, #20]
 109 000c 0693     		str	r3, [sp, #24]
 110 000e 0793     		str	r3, [sp, #28]
  89:Core/Src/stm32f7xx_hal_msp.c ****   if(huart->Instance==USART3)
 111              		.loc 1 89 3 is_stmt 1 view .LVU18
 112              		.loc 1 89 11 is_stmt 0 view .LVU19
 113 0010 0268     		ldr	r2, [r0]
 114              		.loc 1 89 5 view .LVU20
 115 0012 154B     		ldr	r3, .L9
 116 0014 9A42     		cmp	r2, r3
 117 0016 02D0     		beq	.L8
 118              	.LVL1:
 119              	.L5:
  90:Core/Src/stm32f7xx_hal_msp.c ****   {
  91:Core/Src/stm32f7xx_hal_msp.c ****   /* USER CODE BEGIN USART3_MspInit 0 */
  92:Core/Src/stm32f7xx_hal_msp.c **** 
  93:Core/Src/stm32f7xx_hal_msp.c ****   /* USER CODE END USART3_MspInit 0 */
  94:Core/Src/stm32f7xx_hal_msp.c ****     /* Peripheral clock enable */
  95:Core/Src/stm32f7xx_hal_msp.c ****     __HAL_RCC_USART3_CLK_ENABLE();
  96:Core/Src/stm32f7xx_hal_msp.c **** 
  97:Core/Src/stm32f7xx_hal_msp.c ****     __HAL_RCC_GPIOD_CLK_ENABLE();
  98:Core/Src/stm32f7xx_hal_msp.c ****     /**USART3 GPIO Configuration
  99:Core/Src/stm32f7xx_hal_msp.c ****     PD8     ------> USART3_TX
 100:Core/Src/stm32f7xx_hal_msp.c ****     PD9     ------> USART3_RX
 101:Core/Src/stm32f7xx_hal_msp.c ****     */
 102:Core/Src/stm32f7xx_hal_msp.c ****     GPIO_InitStruct.Pin = STLK_RX_Pin|STLK_TX_Pin;
 103:Core/Src/stm32f7xx_hal_msp.c ****     GPIO_InitStruct.Mode = GPIO_MODE_AF_PP;
 104:Core/Src/stm32f7xx_hal_msp.c ****     GPIO_InitStruct.Pull = GPIO_NOPULL;
 105:Core/Src/stm32f7xx_hal_msp.c ****     GPIO_InitStruct.Speed = GPIO_SPEED_FREQ_VERY_HIGH;
 106:Core/Src/stm32f7xx_hal_msp.c ****     GPIO_InitStruct.Alternate = GPIO_AF7_USART3;
 107:Core/Src/stm32f7xx_hal_msp.c ****     HAL_GPIO_Init(GPIOD, &GPIO_InitStruct);
 108:Core/Src/stm32f7xx_hal_msp.c **** 
 109:Core/Src/stm32f7xx_hal_msp.c ****   /* USER CODE BEGIN USART3_MspInit 1 */
 110:Core/Src/stm32f7xx_hal_msp.c **** 
 111:Core/Src/stm32f7xx_hal_msp.c ****   /* USER CODE END USART3_MspInit 1 */
 112:Core/Src/stm32f7xx_hal_msp.c ****   }
ARM GAS  /tmp/ccCCwsZV.s 			page 5


 113:Core/Src/stm32f7xx_hal_msp.c **** 
 114:Core/Src/stm32f7xx_hal_msp.c **** }
 120              		.loc 1 114 1 view .LVU21
 121 0018 09B0     		add	sp, sp, #36
 122              	.LCFI4:
 123              		.cfi_remember_state
 124              		.cfi_def_cfa_offset 4
 125              		@ sp needed
 126 001a 5DF804FB 		ldr	pc, [sp], #4
 127              	.LVL2:
 128              	.L8:
 129              	.LCFI5:
 130              		.cfi_restore_state
  95:Core/Src/stm32f7xx_hal_msp.c **** 
 131              		.loc 1 95 5 is_stmt 1 view .LVU22
 132              	.LBB4:
  95:Core/Src/stm32f7xx_hal_msp.c **** 
 133              		.loc 1 95 5 view .LVU23
  95:Core/Src/stm32f7xx_hal_msp.c **** 
 134              		.loc 1 95 5 view .LVU24
 135 001e 03F5F833 		add	r3, r3, #126976
 136 0022 1A6C     		ldr	r2, [r3, #64]
 137 0024 42F48022 		orr	r2, r2, #262144
 138 0028 1A64     		str	r2, [r3, #64]
  95:Core/Src/stm32f7xx_hal_msp.c **** 
 139              		.loc 1 95 5 view .LVU25
 140 002a 1A6C     		ldr	r2, [r3, #64]
 141 002c 02F48022 		and	r2, r2, #262144
 142 0030 0192     		str	r2, [sp, #4]
  95:Core/Src/stm32f7xx_hal_msp.c **** 
 143              		.loc 1 95 5 view .LVU26
 144 0032 019A     		ldr	r2, [sp, #4]
 145              	.LBE4:
  95:Core/Src/stm32f7xx_hal_msp.c **** 
 146              		.loc 1 95 5 view .LVU27
  97:Core/Src/stm32f7xx_hal_msp.c ****     /**USART3 GPIO Configuration
 147              		.loc 1 97 5 view .LVU28
 148              	.LBB5:
  97:Core/Src/stm32f7xx_hal_msp.c ****     /**USART3 GPIO Configuration
 149              		.loc 1 97 5 view .LVU29
  97:Core/Src/stm32f7xx_hal_msp.c ****     /**USART3 GPIO Configuration
 150              		.loc 1 97 5 view .LVU30
 151 0034 1A6B     		ldr	r2, [r3, #48]
 152 0036 42F00802 		orr	r2, r2, #8
 153 003a 1A63     		str	r2, [r3, #48]
  97:Core/Src/stm32f7xx_hal_msp.c ****     /**USART3 GPIO Configuration
 154              		.loc 1 97 5 view .LVU31
 155 003c 1B6B     		ldr	r3, [r3, #48]
 156 003e 03F00803 		and	r3, r3, #8
 157 0042 0293     		str	r3, [sp, #8]
  97:Core/Src/stm32f7xx_hal_msp.c ****     /**USART3 GPIO Configuration
 158              		.loc 1 97 5 view .LVU32
 159 0044 029B     		ldr	r3, [sp, #8]
 160              	.LBE5:
  97:Core/Src/stm32f7xx_hal_msp.c ****     /**USART3 GPIO Configuration
 161              		.loc 1 97 5 view .LVU33
 102:Core/Src/stm32f7xx_hal_msp.c ****     GPIO_InitStruct.Mode = GPIO_MODE_AF_PP;
ARM GAS  /tmp/ccCCwsZV.s 			page 6


 162              		.loc 1 102 5 view .LVU34
 102:Core/Src/stm32f7xx_hal_msp.c ****     GPIO_InitStruct.Mode = GPIO_MODE_AF_PP;
 163              		.loc 1 102 25 is_stmt 0 view .LVU35
 164 0046 4FF44073 		mov	r3, #768
 165 004a 0393     		str	r3, [sp, #12]
 103:Core/Src/stm32f7xx_hal_msp.c ****     GPIO_InitStruct.Pull = GPIO_NOPULL;
 166              		.loc 1 103 5 is_stmt 1 view .LVU36
 103:Core/Src/stm32f7xx_hal_msp.c ****     GPIO_InitStruct.Pull = GPIO_NOPULL;
 167              		.loc 1 103 26 is_stmt 0 view .LVU37
 168 004c 0223     		movs	r3, #2
 169 004e 0493     		str	r3, [sp, #16]
 104:Core/Src/stm32f7xx_hal_msp.c ****     GPIO_InitStruct.Speed = GPIO_SPEED_FREQ_VERY_HIGH;
 170              		.loc 1 104 5 is_stmt 1 view .LVU38
 104:Core/Src/stm32f7xx_hal_msp.c ****     GPIO_InitStruct.Speed = GPIO_SPEED_FREQ_VERY_HIGH;
 171              		.loc 1 104 26 is_stmt 0 view .LVU39
 172 0050 0023     		movs	r3, #0
 173 0052 0593     		str	r3, [sp, #20]
 105:Core/Src/stm32f7xx_hal_msp.c ****     GPIO_InitStruct.Alternate = GPIO_AF7_USART3;
 174              		.loc 1 105 5 is_stmt 1 view .LVU40
 105:Core/Src/stm32f7xx_hal_msp.c ****     GPIO_InitStruct.Alternate = GPIO_AF7_USART3;
 175              		.loc 1 105 27 is_stmt 0 view .LVU41
 176 0054 0323     		movs	r3, #3
 177 0056 0693     		str	r3, [sp, #24]
 106:Core/Src/stm32f7xx_hal_msp.c ****     HAL_GPIO_Init(GPIOD, &GPIO_InitStruct);
 178              		.loc 1 106 5 is_stmt 1 view .LVU42
 106:Core/Src/stm32f7xx_hal_msp.c ****     HAL_GPIO_Init(GPIOD, &GPIO_InitStruct);
 179              		.loc 1 106 31 is_stmt 0 view .LVU43
 180 0058 0723     		movs	r3, #7
 181 005a 0793     		str	r3, [sp, #28]
 107:Core/Src/stm32f7xx_hal_msp.c **** 
 182              		.loc 1 107 5 is_stmt 1 view .LVU44
 183 005c 03A9     		add	r1, sp, #12
 184 005e 0348     		ldr	r0, .L9+4
 185              	.LVL3:
 107:Core/Src/stm32f7xx_hal_msp.c **** 
 186              		.loc 1 107 5 is_stmt 0 view .LVU45
 187 0060 FFF7FEFF 		bl	HAL_GPIO_Init
 188              	.LVL4:
 189              		.loc 1 114 1 view .LVU46
 190 0064 D8E7     		b	.L5
 191              	.L10:
 192 0066 00BF     		.align	2
 193              	.L9:
 194 0068 00480040 		.word	1073760256
 195 006c 000C0240 		.word	1073875968
 196              		.cfi_endproc
 197              	.LFE142:
 199              		.section	.text.HAL_UART_MspDeInit,"ax",%progbits
 200              		.align	1
 201              		.global	HAL_UART_MspDeInit
 202              		.syntax unified
 203              		.thumb
 204              		.thumb_func
 205              		.fpu fpv5-d16
 207              	HAL_UART_MspDeInit:
 208              	.LVL5:
 209              	.LFB143:
ARM GAS  /tmp/ccCCwsZV.s 			page 7


 115:Core/Src/stm32f7xx_hal_msp.c **** 
 116:Core/Src/stm32f7xx_hal_msp.c **** /**
 117:Core/Src/stm32f7xx_hal_msp.c **** * @brief UART MSP De-Initialization
 118:Core/Src/stm32f7xx_hal_msp.c **** * This function freeze the hardware resources used in this example
 119:Core/Src/stm32f7xx_hal_msp.c **** * @param huart: UART handle pointer
 120:Core/Src/stm32f7xx_hal_msp.c **** * @retval None
 121:Core/Src/stm32f7xx_hal_msp.c **** */
 122:Core/Src/stm32f7xx_hal_msp.c **** void HAL_UART_MspDeInit(UART_HandleTypeDef* huart)
 123:Core/Src/stm32f7xx_hal_msp.c **** {
 210              		.loc 1 123 1 is_stmt 1 view -0
 211              		.cfi_startproc
 212              		@ args = 0, pretend = 0, frame = 0
 213              		@ frame_needed = 0, uses_anonymous_args = 0
 214              		.loc 1 123 1 is_stmt 0 view .LVU48
 215 0000 08B5     		push	{r3, lr}
 216              	.LCFI6:
 217              		.cfi_def_cfa_offset 8
 218              		.cfi_offset 3, -8
 219              		.cfi_offset 14, -4
 124:Core/Src/stm32f7xx_hal_msp.c ****   if(huart->Instance==USART3)
 220              		.loc 1 124 3 is_stmt 1 view .LVU49
 221              		.loc 1 124 11 is_stmt 0 view .LVU50
 222 0002 0268     		ldr	r2, [r0]
 223              		.loc 1 124 5 view .LVU51
 224 0004 074B     		ldr	r3, .L15
 225 0006 9A42     		cmp	r2, r3
 226 0008 00D0     		beq	.L14
 227              	.LVL6:
 228              	.L11:
 125:Core/Src/stm32f7xx_hal_msp.c ****   {
 126:Core/Src/stm32f7xx_hal_msp.c ****   /* USER CODE BEGIN USART3_MspDeInit 0 */
 127:Core/Src/stm32f7xx_hal_msp.c **** 
 128:Core/Src/stm32f7xx_hal_msp.c ****   /* USER CODE END USART3_MspDeInit 0 */
 129:Core/Src/stm32f7xx_hal_msp.c ****     /* Peripheral clock disable */
 130:Core/Src/stm32f7xx_hal_msp.c ****     __HAL_RCC_USART3_CLK_DISABLE();
 131:Core/Src/stm32f7xx_hal_msp.c **** 
 132:Core/Src/stm32f7xx_hal_msp.c ****     /**USART3 GPIO Configuration
 133:Core/Src/stm32f7xx_hal_msp.c ****     PD8     ------> USART3_TX
 134:Core/Src/stm32f7xx_hal_msp.c ****     PD9     ------> USART3_RX
 135:Core/Src/stm32f7xx_hal_msp.c ****     */
 136:Core/Src/stm32f7xx_hal_msp.c ****     HAL_GPIO_DeInit(GPIOD, STLK_RX_Pin|STLK_TX_Pin);
 137:Core/Src/stm32f7xx_hal_msp.c **** 
 138:Core/Src/stm32f7xx_hal_msp.c ****   /* USER CODE BEGIN USART3_MspDeInit 1 */
 139:Core/Src/stm32f7xx_hal_msp.c **** 
 140:Core/Src/stm32f7xx_hal_msp.c ****   /* USER CODE END USART3_MspDeInit 1 */
 141:Core/Src/stm32f7xx_hal_msp.c ****   }
 142:Core/Src/stm32f7xx_hal_msp.c **** 
 143:Core/Src/stm32f7xx_hal_msp.c **** }
 229              		.loc 1 143 1 view .LVU52
 230 000a 08BD     		pop	{r3, pc}
 231              	.LVL7:
 232              	.L14:
 130:Core/Src/stm32f7xx_hal_msp.c **** 
 233              		.loc 1 130 5 is_stmt 1 view .LVU53
 234 000c 064A     		ldr	r2, .L15+4
 235 000e 136C     		ldr	r3, [r2, #64]
 236 0010 23F48023 		bic	r3, r3, #262144
ARM GAS  /tmp/ccCCwsZV.s 			page 8


 237 0014 1364     		str	r3, [r2, #64]
 136:Core/Src/stm32f7xx_hal_msp.c **** 
 238              		.loc 1 136 5 view .LVU54
 239 0016 4FF44071 		mov	r1, #768
 240 001a 0448     		ldr	r0, .L15+8
 241              	.LVL8:
 136:Core/Src/stm32f7xx_hal_msp.c **** 
 242              		.loc 1 136 5 is_stmt 0 view .LVU55
 243 001c FFF7FEFF 		bl	HAL_GPIO_DeInit
 244              	.LVL9:
 245              		.loc 1 143 1 view .LVU56
 246 0020 F3E7     		b	.L11
 247              	.L16:
 248 0022 00BF     		.align	2
 249              	.L15:
 250 0024 00480040 		.word	1073760256
 251 0028 00380240 		.word	1073887232
 252 002c 000C0240 		.word	1073875968
 253              		.cfi_endproc
 254              	.LFE143:
 256              		.text
 257              	.Letext0:
 258              		.file 2 "/usr/lib/gcc/arm-none-eabi/9.2.1/include/stdint.h"
 259              		.file 3 "Drivers/CMSIS/Include/core_cm7.h"
 260              		.file 4 "Drivers/CMSIS/Device/ST/STM32F7xx/Include/system_stm32f7xx.h"
 261              		.file 5 "Drivers/CMSIS/Device/ST/STM32F7xx/Include/stm32f767xx.h"
 262              		.file 6 "Drivers/STM32F7xx_HAL_Driver/Inc/stm32f7xx_hal_def.h"
 263              		.file 7 "Drivers/STM32F7xx_HAL_Driver/Inc/stm32f7xx_hal_gpio.h"
 264              		.file 8 "Drivers/STM32F7xx_HAL_Driver/Inc/stm32f7xx_hal_dma.h"
 265              		.file 9 "Drivers/STM32F7xx_HAL_Driver/Inc/stm32f7xx_hal_uart.h"
 266              		.file 10 "Drivers/STM32F7xx_HAL_Driver/Inc/stm32f7xx_hal.h"
ARM GAS  /tmp/ccCCwsZV.s 			page 9


DEFINED SYMBOLS
                            *ABS*:0000000000000000 stm32f7xx_hal_msp.c
     /tmp/ccCCwsZV.s:17     .text.HAL_MspInit:0000000000000000 $t
     /tmp/ccCCwsZV.s:25     .text.HAL_MspInit:0000000000000000 HAL_MspInit
     /tmp/ccCCwsZV.s:76     .text.HAL_MspInit:000000000000002c $d
     /tmp/ccCCwsZV.s:81     .text.HAL_UART_MspInit:0000000000000000 $t
     /tmp/ccCCwsZV.s:88     .text.HAL_UART_MspInit:0000000000000000 HAL_UART_MspInit
     /tmp/ccCCwsZV.s:194    .text.HAL_UART_MspInit:0000000000000068 $d
     /tmp/ccCCwsZV.s:200    .text.HAL_UART_MspDeInit:0000000000000000 $t
     /tmp/ccCCwsZV.s:207    .text.HAL_UART_MspDeInit:0000000000000000 HAL_UART_MspDeInit
     /tmp/ccCCwsZV.s:250    .text.HAL_UART_MspDeInit:0000000000000024 $d

UNDEFINED SYMBOLS
HAL_GPIO_Init
HAL_GPIO_DeInit
