ARM GAS  /tmp/cculcewu.s 			page 1


   1              		.cpu cortex-m7
   2              		.eabi_attribute 28, 1
   3              		.eabi_attribute 20, 1
   4              		.eabi_attribute 21, 1
   5              		.eabi_attribute 23, 3
   6              		.eabi_attribute 24, 1
   7              		.eabi_attribute 25, 1
   8              		.eabi_attribute 26, 1
   9              		.eabi_attribute 30, 1
  10              		.eabi_attribute 34, 1
  11              		.eabi_attribute 18, 4
  12              		.file	"usbd_desc.c"
  13              		.text
  14              	.Ltext0:
  15              		.cfi_sections	.debug_frame
  16              		.section	.text.USBD_FS_DeviceDescriptor,"ax",%progbits
  17              		.align	1
  18              		.global	USBD_FS_DeviceDescriptor
  19              		.arch armv7e-m
  20              		.syntax unified
  21              		.thumb
  22              		.thumb_func
  23              		.fpu fpv5-d16
  25              	USBD_FS_DeviceDescriptor:
  26              	.LVL0:
  27              	.LFB145:
  28              		.file 1 "USB_DEVICE/App/usbd_desc.c"
   1:USB_DEVICE/App/usbd_desc.c **** /* USER CODE BEGIN Header */
   2:USB_DEVICE/App/usbd_desc.c **** /**
   3:USB_DEVICE/App/usbd_desc.c ****   ******************************************************************************
   4:USB_DEVICE/App/usbd_desc.c ****   * @file           : App/usbd_desc.c
   5:USB_DEVICE/App/usbd_desc.c ****   * @version        : v1.0_Cube
   6:USB_DEVICE/App/usbd_desc.c ****   * @brief          : This file implements the USB device descriptors.
   7:USB_DEVICE/App/usbd_desc.c ****   ******************************************************************************
   8:USB_DEVICE/App/usbd_desc.c ****   * @attention
   9:USB_DEVICE/App/usbd_desc.c ****   *
  10:USB_DEVICE/App/usbd_desc.c ****   * <h2><center>&copy; Copyright (c) 2020 STMicroelectronics.
  11:USB_DEVICE/App/usbd_desc.c ****   * All rights reserved.</center></h2>
  12:USB_DEVICE/App/usbd_desc.c ****   *
  13:USB_DEVICE/App/usbd_desc.c ****   * This software component is licensed by ST under Ultimate Liberty license
  14:USB_DEVICE/App/usbd_desc.c ****   * SLA0044, the "License"; You may not use this file except in compliance with
  15:USB_DEVICE/App/usbd_desc.c ****   * the License. You may obtain a copy of the License at:
  16:USB_DEVICE/App/usbd_desc.c ****   *                             www.st.com/SLA0044
  17:USB_DEVICE/App/usbd_desc.c ****   *
  18:USB_DEVICE/App/usbd_desc.c ****   ******************************************************************************
  19:USB_DEVICE/App/usbd_desc.c ****   */
  20:USB_DEVICE/App/usbd_desc.c **** /* USER CODE END Header */
  21:USB_DEVICE/App/usbd_desc.c **** 
  22:USB_DEVICE/App/usbd_desc.c **** /* Includes ------------------------------------------------------------------*/
  23:USB_DEVICE/App/usbd_desc.c **** #include "usbd_core.h"
  24:USB_DEVICE/App/usbd_desc.c **** #include "usbd_desc.h"
  25:USB_DEVICE/App/usbd_desc.c **** #include "usbd_conf.h"
  26:USB_DEVICE/App/usbd_desc.c **** 
  27:USB_DEVICE/App/usbd_desc.c **** /* USER CODE BEGIN INCLUDE */
  28:USB_DEVICE/App/usbd_desc.c **** 
  29:USB_DEVICE/App/usbd_desc.c **** /* USER CODE END INCLUDE */
  30:USB_DEVICE/App/usbd_desc.c **** 
ARM GAS  /tmp/cculcewu.s 			page 2


  31:USB_DEVICE/App/usbd_desc.c **** /* Private typedef -----------------------------------------------------------*/
  32:USB_DEVICE/App/usbd_desc.c **** /* Private define ------------------------------------------------------------*/
  33:USB_DEVICE/App/usbd_desc.c **** /* Private macro -------------------------------------------------------------*/
  34:USB_DEVICE/App/usbd_desc.c **** 
  35:USB_DEVICE/App/usbd_desc.c **** /* USER CODE BEGIN PV */
  36:USB_DEVICE/App/usbd_desc.c **** /* Private variables ---------------------------------------------------------*/
  37:USB_DEVICE/App/usbd_desc.c **** 
  38:USB_DEVICE/App/usbd_desc.c **** /* USER CODE END PV */
  39:USB_DEVICE/App/usbd_desc.c **** 
  40:USB_DEVICE/App/usbd_desc.c **** /** @addtogroup STM32_USB_OTG_DEVICE_LIBRARY
  41:USB_DEVICE/App/usbd_desc.c ****   * @{
  42:USB_DEVICE/App/usbd_desc.c ****   */
  43:USB_DEVICE/App/usbd_desc.c **** 
  44:USB_DEVICE/App/usbd_desc.c **** /** @addtogroup USBD_DESC
  45:USB_DEVICE/App/usbd_desc.c ****   * @{
  46:USB_DEVICE/App/usbd_desc.c ****   */
  47:USB_DEVICE/App/usbd_desc.c **** 
  48:USB_DEVICE/App/usbd_desc.c **** /** @defgroup USBD_DESC_Private_TypesDefinitions USBD_DESC_Private_TypesDefinitions
  49:USB_DEVICE/App/usbd_desc.c ****   * @brief Private types.
  50:USB_DEVICE/App/usbd_desc.c ****   * @{
  51:USB_DEVICE/App/usbd_desc.c ****   */
  52:USB_DEVICE/App/usbd_desc.c **** 
  53:USB_DEVICE/App/usbd_desc.c **** /* USER CODE BEGIN PRIVATE_TYPES */
  54:USB_DEVICE/App/usbd_desc.c **** 
  55:USB_DEVICE/App/usbd_desc.c **** /* USER CODE END PRIVATE_TYPES */
  56:USB_DEVICE/App/usbd_desc.c **** 
  57:USB_DEVICE/App/usbd_desc.c **** /**
  58:USB_DEVICE/App/usbd_desc.c ****   * @}
  59:USB_DEVICE/App/usbd_desc.c ****   */
  60:USB_DEVICE/App/usbd_desc.c **** 
  61:USB_DEVICE/App/usbd_desc.c **** /** @defgroup USBD_DESC_Private_Defines USBD_DESC_Private_Defines
  62:USB_DEVICE/App/usbd_desc.c ****   * @brief Private defines.
  63:USB_DEVICE/App/usbd_desc.c ****   * @{
  64:USB_DEVICE/App/usbd_desc.c ****   */
  65:USB_DEVICE/App/usbd_desc.c **** 
  66:USB_DEVICE/App/usbd_desc.c **** #define USBD_VID     1155
  67:USB_DEVICE/App/usbd_desc.c **** #define USBD_LANGID_STRING     1033
  68:USB_DEVICE/App/usbd_desc.c **** #define USBD_MANUFACTURER_STRING     "STMicroelectronics"
  69:USB_DEVICE/App/usbd_desc.c **** #define USBD_PID_FS     22336
  70:USB_DEVICE/App/usbd_desc.c **** #define USBD_PRODUCT_STRING_FS     "STM32 Virtual ComPort"
  71:USB_DEVICE/App/usbd_desc.c **** #define USBD_CONFIGURATION_STRING_FS     "CDC Config"
  72:USB_DEVICE/App/usbd_desc.c **** #define USBD_INTERFACE_STRING_FS     "CDC Interface"
  73:USB_DEVICE/App/usbd_desc.c **** 
  74:USB_DEVICE/App/usbd_desc.c **** #define USB_SIZ_BOS_DESC            0x0C
  75:USB_DEVICE/App/usbd_desc.c **** 
  76:USB_DEVICE/App/usbd_desc.c **** /* USER CODE BEGIN PRIVATE_DEFINES */
  77:USB_DEVICE/App/usbd_desc.c **** 
  78:USB_DEVICE/App/usbd_desc.c **** /* USER CODE END PRIVATE_DEFINES */
  79:USB_DEVICE/App/usbd_desc.c **** 
  80:USB_DEVICE/App/usbd_desc.c **** /**
  81:USB_DEVICE/App/usbd_desc.c ****   * @}
  82:USB_DEVICE/App/usbd_desc.c ****   */
  83:USB_DEVICE/App/usbd_desc.c **** 
  84:USB_DEVICE/App/usbd_desc.c **** /* USER CODE BEGIN 0 */
  85:USB_DEVICE/App/usbd_desc.c **** 
  86:USB_DEVICE/App/usbd_desc.c **** /* USER CODE END 0 */
  87:USB_DEVICE/App/usbd_desc.c **** 
ARM GAS  /tmp/cculcewu.s 			page 3


  88:USB_DEVICE/App/usbd_desc.c **** /** @defgroup USBD_DESC_Private_Macros USBD_DESC_Private_Macros
  89:USB_DEVICE/App/usbd_desc.c ****   * @brief Private macros.
  90:USB_DEVICE/App/usbd_desc.c ****   * @{
  91:USB_DEVICE/App/usbd_desc.c ****   */
  92:USB_DEVICE/App/usbd_desc.c **** 
  93:USB_DEVICE/App/usbd_desc.c **** /* USER CODE BEGIN PRIVATE_MACRO */
  94:USB_DEVICE/App/usbd_desc.c **** 
  95:USB_DEVICE/App/usbd_desc.c **** /* USER CODE END PRIVATE_MACRO */
  96:USB_DEVICE/App/usbd_desc.c **** 
  97:USB_DEVICE/App/usbd_desc.c **** /**
  98:USB_DEVICE/App/usbd_desc.c ****   * @}
  99:USB_DEVICE/App/usbd_desc.c ****   */
 100:USB_DEVICE/App/usbd_desc.c **** 
 101:USB_DEVICE/App/usbd_desc.c **** /** @defgroup USBD_DESC_Private_FunctionPrototypes USBD_DESC_Private_FunctionPrototypes
 102:USB_DEVICE/App/usbd_desc.c ****   * @brief Private functions declaration.
 103:USB_DEVICE/App/usbd_desc.c ****   * @{
 104:USB_DEVICE/App/usbd_desc.c ****   */
 105:USB_DEVICE/App/usbd_desc.c **** 
 106:USB_DEVICE/App/usbd_desc.c **** static void Get_SerialNum(void);
 107:USB_DEVICE/App/usbd_desc.c **** static void IntToUnicode(uint32_t value, uint8_t * pbuf, uint8_t len);
 108:USB_DEVICE/App/usbd_desc.c **** 
 109:USB_DEVICE/App/usbd_desc.c **** /**
 110:USB_DEVICE/App/usbd_desc.c ****   * @}
 111:USB_DEVICE/App/usbd_desc.c ****   */
 112:USB_DEVICE/App/usbd_desc.c **** 
 113:USB_DEVICE/App/usbd_desc.c **** /** @defgroup USBD_DESC_Private_FunctionPrototypes USBD_DESC_Private_FunctionPrototypes
 114:USB_DEVICE/App/usbd_desc.c ****   * @brief Private functions declaration for FS.
 115:USB_DEVICE/App/usbd_desc.c ****   * @{
 116:USB_DEVICE/App/usbd_desc.c ****   */
 117:USB_DEVICE/App/usbd_desc.c **** 
 118:USB_DEVICE/App/usbd_desc.c **** uint8_t * USBD_FS_DeviceDescriptor(USBD_SpeedTypeDef speed, uint16_t *length);
 119:USB_DEVICE/App/usbd_desc.c **** uint8_t * USBD_FS_LangIDStrDescriptor(USBD_SpeedTypeDef speed, uint16_t *length);
 120:USB_DEVICE/App/usbd_desc.c **** uint8_t * USBD_FS_ManufacturerStrDescriptor(USBD_SpeedTypeDef speed, uint16_t *length);
 121:USB_DEVICE/App/usbd_desc.c **** uint8_t * USBD_FS_ProductStrDescriptor(USBD_SpeedTypeDef speed, uint16_t *length);
 122:USB_DEVICE/App/usbd_desc.c **** uint8_t * USBD_FS_SerialStrDescriptor(USBD_SpeedTypeDef speed, uint16_t *length);
 123:USB_DEVICE/App/usbd_desc.c **** uint8_t * USBD_FS_ConfigStrDescriptor(USBD_SpeedTypeDef speed, uint16_t *length);
 124:USB_DEVICE/App/usbd_desc.c **** uint8_t * USBD_FS_InterfaceStrDescriptor(USBD_SpeedTypeDef speed, uint16_t *length);
 125:USB_DEVICE/App/usbd_desc.c **** #if (USBD_LPM_ENABLED == 1)
 126:USB_DEVICE/App/usbd_desc.c **** uint8_t * USBD_FS_USR_BOSDescriptor(USBD_SpeedTypeDef speed, uint16_t *length);
 127:USB_DEVICE/App/usbd_desc.c **** #endif /* (USBD_LPM_ENABLED == 1) */
 128:USB_DEVICE/App/usbd_desc.c **** 
 129:USB_DEVICE/App/usbd_desc.c **** /**
 130:USB_DEVICE/App/usbd_desc.c ****   * @}
 131:USB_DEVICE/App/usbd_desc.c ****   */
 132:USB_DEVICE/App/usbd_desc.c **** 
 133:USB_DEVICE/App/usbd_desc.c **** /** @defgroup USBD_DESC_Private_Variables USBD_DESC_Private_Variables
 134:USB_DEVICE/App/usbd_desc.c ****   * @brief Private variables.
 135:USB_DEVICE/App/usbd_desc.c ****   * @{
 136:USB_DEVICE/App/usbd_desc.c ****   */
 137:USB_DEVICE/App/usbd_desc.c **** 
 138:USB_DEVICE/App/usbd_desc.c **** USBD_DescriptorsTypeDef FS_Desc =
 139:USB_DEVICE/App/usbd_desc.c **** {
 140:USB_DEVICE/App/usbd_desc.c ****   USBD_FS_DeviceDescriptor
 141:USB_DEVICE/App/usbd_desc.c **** , USBD_FS_LangIDStrDescriptor
 142:USB_DEVICE/App/usbd_desc.c **** , USBD_FS_ManufacturerStrDescriptor
 143:USB_DEVICE/App/usbd_desc.c **** , USBD_FS_ProductStrDescriptor
 144:USB_DEVICE/App/usbd_desc.c **** , USBD_FS_SerialStrDescriptor
ARM GAS  /tmp/cculcewu.s 			page 4


 145:USB_DEVICE/App/usbd_desc.c **** , USBD_FS_ConfigStrDescriptor
 146:USB_DEVICE/App/usbd_desc.c **** , USBD_FS_InterfaceStrDescriptor
 147:USB_DEVICE/App/usbd_desc.c **** #if (USBD_LPM_ENABLED == 1)
 148:USB_DEVICE/App/usbd_desc.c **** , USBD_FS_USR_BOSDescriptor
 149:USB_DEVICE/App/usbd_desc.c **** #endif /* (USBD_LPM_ENABLED == 1) */
 150:USB_DEVICE/App/usbd_desc.c **** };
 151:USB_DEVICE/App/usbd_desc.c **** 
 152:USB_DEVICE/App/usbd_desc.c **** #if defined ( __ICCARM__ ) /* IAR Compiler */
 153:USB_DEVICE/App/usbd_desc.c ****   #pragma data_alignment=4
 154:USB_DEVICE/App/usbd_desc.c **** #endif /* defined ( __ICCARM__ ) */
 155:USB_DEVICE/App/usbd_desc.c **** /** USB standard device descriptor. */
 156:USB_DEVICE/App/usbd_desc.c **** __ALIGN_BEGIN uint8_t USBD_FS_DeviceDesc[USB_LEN_DEV_DESC] __ALIGN_END =
 157:USB_DEVICE/App/usbd_desc.c **** {
 158:USB_DEVICE/App/usbd_desc.c ****   0x12,                       /*bLength */
 159:USB_DEVICE/App/usbd_desc.c ****   USB_DESC_TYPE_DEVICE,       /*bDescriptorType*/
 160:USB_DEVICE/App/usbd_desc.c **** #if (USBD_LPM_ENABLED == 1)
 161:USB_DEVICE/App/usbd_desc.c ****   0x01,                       /*bcdUSB */ /* changed to USB version 2.01
 162:USB_DEVICE/App/usbd_desc.c ****                                              in order to support LPM L1 suspend
 163:USB_DEVICE/App/usbd_desc.c ****                                              resume test of USBCV3.0*/
 164:USB_DEVICE/App/usbd_desc.c **** #else
 165:USB_DEVICE/App/usbd_desc.c ****   0x00,                       /*bcdUSB */
 166:USB_DEVICE/App/usbd_desc.c **** #endif /* (USBD_LPM_ENABLED == 1) */
 167:USB_DEVICE/App/usbd_desc.c ****   0x02,
 168:USB_DEVICE/App/usbd_desc.c ****   0x02,                       /*bDeviceClass*/
 169:USB_DEVICE/App/usbd_desc.c ****   0x02,                       /*bDeviceSubClass*/
 170:USB_DEVICE/App/usbd_desc.c ****   0x00,                       /*bDeviceProtocol*/
 171:USB_DEVICE/App/usbd_desc.c ****   USB_MAX_EP0_SIZE,           /*bMaxPacketSize*/
 172:USB_DEVICE/App/usbd_desc.c ****   LOBYTE(USBD_VID),           /*idVendor*/
 173:USB_DEVICE/App/usbd_desc.c ****   HIBYTE(USBD_VID),           /*idVendor*/
 174:USB_DEVICE/App/usbd_desc.c ****   LOBYTE(USBD_PID_FS),        /*idProduct*/
 175:USB_DEVICE/App/usbd_desc.c ****   HIBYTE(USBD_PID_FS),        /*idProduct*/
 176:USB_DEVICE/App/usbd_desc.c ****   0x00,                       /*bcdDevice rel. 2.00*/
 177:USB_DEVICE/App/usbd_desc.c ****   0x02,
 178:USB_DEVICE/App/usbd_desc.c ****   USBD_IDX_MFC_STR,           /*Index of manufacturer  string*/
 179:USB_DEVICE/App/usbd_desc.c ****   USBD_IDX_PRODUCT_STR,       /*Index of product string*/
 180:USB_DEVICE/App/usbd_desc.c ****   USBD_IDX_SERIAL_STR,        /*Index of serial number string*/
 181:USB_DEVICE/App/usbd_desc.c ****   USBD_MAX_NUM_CONFIGURATION  /*bNumConfigurations*/
 182:USB_DEVICE/App/usbd_desc.c **** };
 183:USB_DEVICE/App/usbd_desc.c **** 
 184:USB_DEVICE/App/usbd_desc.c **** /* USB_DeviceDescriptor */
 185:USB_DEVICE/App/usbd_desc.c **** /** BOS descriptor. */
 186:USB_DEVICE/App/usbd_desc.c **** #if (USBD_LPM_ENABLED == 1)
 187:USB_DEVICE/App/usbd_desc.c **** #if defined ( __ICCARM__ ) /* IAR Compiler */
 188:USB_DEVICE/App/usbd_desc.c ****   #pragma data_alignment=4
 189:USB_DEVICE/App/usbd_desc.c **** #endif /* defined ( __ICCARM__ ) */
 190:USB_DEVICE/App/usbd_desc.c **** __ALIGN_BEGIN uint8_t USBD_FS_BOSDesc[USB_SIZ_BOS_DESC] __ALIGN_END =
 191:USB_DEVICE/App/usbd_desc.c **** {
 192:USB_DEVICE/App/usbd_desc.c ****   0x5,
 193:USB_DEVICE/App/usbd_desc.c ****   USB_DESC_TYPE_BOS,
 194:USB_DEVICE/App/usbd_desc.c ****   0xC,
 195:USB_DEVICE/App/usbd_desc.c ****   0x0,
 196:USB_DEVICE/App/usbd_desc.c ****   0x1,  /* 1 device capability*/
 197:USB_DEVICE/App/usbd_desc.c ****         /* device capability*/
 198:USB_DEVICE/App/usbd_desc.c ****   0x7,
 199:USB_DEVICE/App/usbd_desc.c ****   USB_DEVICE_CAPABITY_TYPE,
 200:USB_DEVICE/App/usbd_desc.c ****   0x2,
 201:USB_DEVICE/App/usbd_desc.c ****   0x2,  /* LPM capability bit set*/
ARM GAS  /tmp/cculcewu.s 			page 5


 202:USB_DEVICE/App/usbd_desc.c ****   0x0,
 203:USB_DEVICE/App/usbd_desc.c ****   0x0,
 204:USB_DEVICE/App/usbd_desc.c ****   0x0
 205:USB_DEVICE/App/usbd_desc.c **** };
 206:USB_DEVICE/App/usbd_desc.c **** #endif /* (USBD_LPM_ENABLED == 1) */
 207:USB_DEVICE/App/usbd_desc.c **** 
 208:USB_DEVICE/App/usbd_desc.c **** /**
 209:USB_DEVICE/App/usbd_desc.c ****   * @}
 210:USB_DEVICE/App/usbd_desc.c ****   */
 211:USB_DEVICE/App/usbd_desc.c **** 
 212:USB_DEVICE/App/usbd_desc.c **** /** @defgroup USBD_DESC_Private_Variables USBD_DESC_Private_Variables
 213:USB_DEVICE/App/usbd_desc.c ****   * @brief Private variables.
 214:USB_DEVICE/App/usbd_desc.c ****   * @{
 215:USB_DEVICE/App/usbd_desc.c ****   */
 216:USB_DEVICE/App/usbd_desc.c **** 
 217:USB_DEVICE/App/usbd_desc.c **** #if defined ( __ICCARM__ ) /* IAR Compiler */
 218:USB_DEVICE/App/usbd_desc.c ****   #pragma data_alignment=4
 219:USB_DEVICE/App/usbd_desc.c **** #endif /* defined ( __ICCARM__ ) */
 220:USB_DEVICE/App/usbd_desc.c **** 
 221:USB_DEVICE/App/usbd_desc.c **** /** USB lang indentifier descriptor. */
 222:USB_DEVICE/App/usbd_desc.c **** __ALIGN_BEGIN uint8_t USBD_LangIDDesc[USB_LEN_LANGID_STR_DESC] __ALIGN_END =
 223:USB_DEVICE/App/usbd_desc.c **** {
 224:USB_DEVICE/App/usbd_desc.c ****      USB_LEN_LANGID_STR_DESC,
 225:USB_DEVICE/App/usbd_desc.c ****      USB_DESC_TYPE_STRING,
 226:USB_DEVICE/App/usbd_desc.c ****      LOBYTE(USBD_LANGID_STRING),
 227:USB_DEVICE/App/usbd_desc.c ****      HIBYTE(USBD_LANGID_STRING)
 228:USB_DEVICE/App/usbd_desc.c **** };
 229:USB_DEVICE/App/usbd_desc.c **** 
 230:USB_DEVICE/App/usbd_desc.c **** #if defined ( __ICCARM__ ) /* IAR Compiler */
 231:USB_DEVICE/App/usbd_desc.c ****   #pragma data_alignment=4
 232:USB_DEVICE/App/usbd_desc.c **** #endif /* defined ( __ICCARM__ ) */
 233:USB_DEVICE/App/usbd_desc.c **** /* Internal string descriptor. */
 234:USB_DEVICE/App/usbd_desc.c **** __ALIGN_BEGIN uint8_t USBD_StrDesc[USBD_MAX_STR_DESC_SIZ] __ALIGN_END;
 235:USB_DEVICE/App/usbd_desc.c **** 
 236:USB_DEVICE/App/usbd_desc.c **** #if defined ( __ICCARM__ ) /*!< IAR Compiler */
 237:USB_DEVICE/App/usbd_desc.c ****   #pragma data_alignment=4
 238:USB_DEVICE/App/usbd_desc.c **** #endif
 239:USB_DEVICE/App/usbd_desc.c **** __ALIGN_BEGIN uint8_t USBD_StringSerial[USB_SIZ_STRING_SERIAL] __ALIGN_END = {
 240:USB_DEVICE/App/usbd_desc.c ****   USB_SIZ_STRING_SERIAL,
 241:USB_DEVICE/App/usbd_desc.c ****   USB_DESC_TYPE_STRING,
 242:USB_DEVICE/App/usbd_desc.c **** };
 243:USB_DEVICE/App/usbd_desc.c **** 
 244:USB_DEVICE/App/usbd_desc.c **** /**
 245:USB_DEVICE/App/usbd_desc.c ****   * @}
 246:USB_DEVICE/App/usbd_desc.c ****   */
 247:USB_DEVICE/App/usbd_desc.c **** 
 248:USB_DEVICE/App/usbd_desc.c **** /** @defgroup USBD_DESC_Private_Functions USBD_DESC_Private_Functions
 249:USB_DEVICE/App/usbd_desc.c ****   * @brief Private functions.
 250:USB_DEVICE/App/usbd_desc.c ****   * @{
 251:USB_DEVICE/App/usbd_desc.c ****   */
 252:USB_DEVICE/App/usbd_desc.c **** 
 253:USB_DEVICE/App/usbd_desc.c **** /**
 254:USB_DEVICE/App/usbd_desc.c ****   * @brief  Return the device descriptor
 255:USB_DEVICE/App/usbd_desc.c ****   * @param  speed : Current device speed
 256:USB_DEVICE/App/usbd_desc.c ****   * @param  length : Pointer to data length variable
 257:USB_DEVICE/App/usbd_desc.c ****   * @retval Pointer to descriptor buffer
 258:USB_DEVICE/App/usbd_desc.c ****   */
ARM GAS  /tmp/cculcewu.s 			page 6


 259:USB_DEVICE/App/usbd_desc.c **** uint8_t * USBD_FS_DeviceDescriptor(USBD_SpeedTypeDef speed, uint16_t *length)
 260:USB_DEVICE/App/usbd_desc.c **** {
  29              		.loc 1 260 1 view -0
  30              		.cfi_startproc
  31              		@ args = 0, pretend = 0, frame = 0
  32              		@ frame_needed = 0, uses_anonymous_args = 0
  33              		@ link register save eliminated.
 261:USB_DEVICE/App/usbd_desc.c ****   UNUSED(speed);
  34              		.loc 1 261 3 view .LVU1
 262:USB_DEVICE/App/usbd_desc.c ****   *length = sizeof(USBD_FS_DeviceDesc);
  35              		.loc 1 262 3 view .LVU2
  36              		.loc 1 262 11 is_stmt 0 view .LVU3
  37 0000 1223     		movs	r3, #18
  38 0002 0B80     		strh	r3, [r1]	@ movhi
 263:USB_DEVICE/App/usbd_desc.c ****   return USBD_FS_DeviceDesc;
  39              		.loc 1 263 3 is_stmt 1 view .LVU4
 264:USB_DEVICE/App/usbd_desc.c **** }
  40              		.loc 1 264 1 is_stmt 0 view .LVU5
  41 0004 0048     		ldr	r0, .L2
  42              	.LVL1:
  43              		.loc 1 264 1 view .LVU6
  44 0006 7047     		bx	lr
  45              	.L3:
  46              		.align	2
  47              	.L2:
  48 0008 00000000 		.word	.LANCHOR0
  49              		.cfi_endproc
  50              	.LFE145:
  52              		.section	.text.USBD_FS_LangIDStrDescriptor,"ax",%progbits
  53              		.align	1
  54              		.global	USBD_FS_LangIDStrDescriptor
  55              		.syntax unified
  56              		.thumb
  57              		.thumb_func
  58              		.fpu fpv5-d16
  60              	USBD_FS_LangIDStrDescriptor:
  61              	.LVL2:
  62              	.LFB146:
 265:USB_DEVICE/App/usbd_desc.c **** 
 266:USB_DEVICE/App/usbd_desc.c **** /**
 267:USB_DEVICE/App/usbd_desc.c ****   * @brief  Return the LangID string descriptor
 268:USB_DEVICE/App/usbd_desc.c ****   * @param  speed : Current device speed
 269:USB_DEVICE/App/usbd_desc.c ****   * @param  length : Pointer to data length variable
 270:USB_DEVICE/App/usbd_desc.c ****   * @retval Pointer to descriptor buffer
 271:USB_DEVICE/App/usbd_desc.c ****   */
 272:USB_DEVICE/App/usbd_desc.c **** uint8_t * USBD_FS_LangIDStrDescriptor(USBD_SpeedTypeDef speed, uint16_t *length)
 273:USB_DEVICE/App/usbd_desc.c **** {
  63              		.loc 1 273 1 is_stmt 1 view -0
  64              		.cfi_startproc
  65              		@ args = 0, pretend = 0, frame = 0
  66              		@ frame_needed = 0, uses_anonymous_args = 0
  67              		@ link register save eliminated.
 274:USB_DEVICE/App/usbd_desc.c ****   UNUSED(speed);
  68              		.loc 1 274 3 view .LVU8
 275:USB_DEVICE/App/usbd_desc.c ****   *length = sizeof(USBD_LangIDDesc);
  69              		.loc 1 275 3 view .LVU9
  70              		.loc 1 275 11 is_stmt 0 view .LVU10
ARM GAS  /tmp/cculcewu.s 			page 7


  71 0000 0423     		movs	r3, #4
  72 0002 0B80     		strh	r3, [r1]	@ movhi
 276:USB_DEVICE/App/usbd_desc.c ****   return USBD_LangIDDesc;
  73              		.loc 1 276 3 is_stmt 1 view .LVU11
 277:USB_DEVICE/App/usbd_desc.c **** }
  74              		.loc 1 277 1 is_stmt 0 view .LVU12
  75 0004 0048     		ldr	r0, .L5
  76              	.LVL3:
  77              		.loc 1 277 1 view .LVU13
  78 0006 7047     		bx	lr
  79              	.L6:
  80              		.align	2
  81              	.L5:
  82 0008 00000000 		.word	.LANCHOR1
  83              		.cfi_endproc
  84              	.LFE146:
  86              		.section	.text.USBD_FS_USR_BOSDescriptor,"ax",%progbits
  87              		.align	1
  88              		.global	USBD_FS_USR_BOSDescriptor
  89              		.syntax unified
  90              		.thumb
  91              		.thumb_func
  92              		.fpu fpv5-d16
  94              	USBD_FS_USR_BOSDescriptor:
  95              	.LVL4:
  96              	.LFB152:
 278:USB_DEVICE/App/usbd_desc.c **** 
 279:USB_DEVICE/App/usbd_desc.c **** /**
 280:USB_DEVICE/App/usbd_desc.c ****   * @brief  Return the product string descriptor
 281:USB_DEVICE/App/usbd_desc.c ****   * @param  speed : Current device speed
 282:USB_DEVICE/App/usbd_desc.c ****   * @param  length : Pointer to data length variable
 283:USB_DEVICE/App/usbd_desc.c ****   * @retval Pointer to descriptor buffer
 284:USB_DEVICE/App/usbd_desc.c ****   */
 285:USB_DEVICE/App/usbd_desc.c **** uint8_t * USBD_FS_ProductStrDescriptor(USBD_SpeedTypeDef speed, uint16_t *length)
 286:USB_DEVICE/App/usbd_desc.c **** {
 287:USB_DEVICE/App/usbd_desc.c ****   if(speed == 0)
 288:USB_DEVICE/App/usbd_desc.c ****   {
 289:USB_DEVICE/App/usbd_desc.c ****     USBD_GetString((uint8_t *)USBD_PRODUCT_STRING_FS, USBD_StrDesc, length);
 290:USB_DEVICE/App/usbd_desc.c ****   }
 291:USB_DEVICE/App/usbd_desc.c ****   else
 292:USB_DEVICE/App/usbd_desc.c ****   {
 293:USB_DEVICE/App/usbd_desc.c ****     USBD_GetString((uint8_t *)USBD_PRODUCT_STRING_FS, USBD_StrDesc, length);
 294:USB_DEVICE/App/usbd_desc.c ****   }
 295:USB_DEVICE/App/usbd_desc.c ****   return USBD_StrDesc;
 296:USB_DEVICE/App/usbd_desc.c **** }
 297:USB_DEVICE/App/usbd_desc.c **** 
 298:USB_DEVICE/App/usbd_desc.c **** /**
 299:USB_DEVICE/App/usbd_desc.c ****   * @brief  Return the manufacturer string descriptor
 300:USB_DEVICE/App/usbd_desc.c ****   * @param  speed : Current device speed
 301:USB_DEVICE/App/usbd_desc.c ****   * @param  length : Pointer to data length variable
 302:USB_DEVICE/App/usbd_desc.c ****   * @retval Pointer to descriptor buffer
 303:USB_DEVICE/App/usbd_desc.c ****   */
 304:USB_DEVICE/App/usbd_desc.c **** uint8_t * USBD_FS_ManufacturerStrDescriptor(USBD_SpeedTypeDef speed, uint16_t *length)
 305:USB_DEVICE/App/usbd_desc.c **** {
 306:USB_DEVICE/App/usbd_desc.c ****   UNUSED(speed);
 307:USB_DEVICE/App/usbd_desc.c ****   USBD_GetString((uint8_t *)USBD_MANUFACTURER_STRING, USBD_StrDesc, length);
 308:USB_DEVICE/App/usbd_desc.c ****   return USBD_StrDesc;
ARM GAS  /tmp/cculcewu.s 			page 8


 309:USB_DEVICE/App/usbd_desc.c **** }
 310:USB_DEVICE/App/usbd_desc.c **** 
 311:USB_DEVICE/App/usbd_desc.c **** /**
 312:USB_DEVICE/App/usbd_desc.c ****   * @brief  Return the serial number string descriptor
 313:USB_DEVICE/App/usbd_desc.c ****   * @param  speed : Current device speed
 314:USB_DEVICE/App/usbd_desc.c ****   * @param  length : Pointer to data length variable
 315:USB_DEVICE/App/usbd_desc.c ****   * @retval Pointer to descriptor buffer
 316:USB_DEVICE/App/usbd_desc.c ****   */
 317:USB_DEVICE/App/usbd_desc.c **** uint8_t * USBD_FS_SerialStrDescriptor(USBD_SpeedTypeDef speed, uint16_t *length)
 318:USB_DEVICE/App/usbd_desc.c **** {
 319:USB_DEVICE/App/usbd_desc.c ****   UNUSED(speed);
 320:USB_DEVICE/App/usbd_desc.c ****   *length = USB_SIZ_STRING_SERIAL;
 321:USB_DEVICE/App/usbd_desc.c **** 
 322:USB_DEVICE/App/usbd_desc.c ****   /* Update the serial number string descriptor with the data from the unique
 323:USB_DEVICE/App/usbd_desc.c ****    * ID */
 324:USB_DEVICE/App/usbd_desc.c ****   Get_SerialNum();
 325:USB_DEVICE/App/usbd_desc.c ****   /* USER CODE BEGIN USBD_FS_SerialStrDescriptor */
 326:USB_DEVICE/App/usbd_desc.c **** 
 327:USB_DEVICE/App/usbd_desc.c ****   /* USER CODE END USBD_FS_SerialStrDescriptor */
 328:USB_DEVICE/App/usbd_desc.c ****   return (uint8_t *) USBD_StringSerial;
 329:USB_DEVICE/App/usbd_desc.c **** }
 330:USB_DEVICE/App/usbd_desc.c **** 
 331:USB_DEVICE/App/usbd_desc.c **** /**
 332:USB_DEVICE/App/usbd_desc.c ****   * @brief  Return the configuration string descriptor
 333:USB_DEVICE/App/usbd_desc.c ****   * @param  speed : Current device speed
 334:USB_DEVICE/App/usbd_desc.c ****   * @param  length : Pointer to data length variable
 335:USB_DEVICE/App/usbd_desc.c ****   * @retval Pointer to descriptor buffer
 336:USB_DEVICE/App/usbd_desc.c ****   */
 337:USB_DEVICE/App/usbd_desc.c **** uint8_t * USBD_FS_ConfigStrDescriptor(USBD_SpeedTypeDef speed, uint16_t *length)
 338:USB_DEVICE/App/usbd_desc.c **** {
 339:USB_DEVICE/App/usbd_desc.c ****   if(speed == USBD_SPEED_HIGH)
 340:USB_DEVICE/App/usbd_desc.c ****   {
 341:USB_DEVICE/App/usbd_desc.c ****     USBD_GetString((uint8_t *)USBD_CONFIGURATION_STRING_FS, USBD_StrDesc, length);
 342:USB_DEVICE/App/usbd_desc.c ****   }
 343:USB_DEVICE/App/usbd_desc.c ****   else
 344:USB_DEVICE/App/usbd_desc.c ****   {
 345:USB_DEVICE/App/usbd_desc.c ****     USBD_GetString((uint8_t *)USBD_CONFIGURATION_STRING_FS, USBD_StrDesc, length);
 346:USB_DEVICE/App/usbd_desc.c ****   }
 347:USB_DEVICE/App/usbd_desc.c ****   return USBD_StrDesc;
 348:USB_DEVICE/App/usbd_desc.c **** }
 349:USB_DEVICE/App/usbd_desc.c **** 
 350:USB_DEVICE/App/usbd_desc.c **** /**
 351:USB_DEVICE/App/usbd_desc.c ****   * @brief  Return the interface string descriptor
 352:USB_DEVICE/App/usbd_desc.c ****   * @param  speed : Current device speed
 353:USB_DEVICE/App/usbd_desc.c ****   * @param  length : Pointer to data length variable
 354:USB_DEVICE/App/usbd_desc.c ****   * @retval Pointer to descriptor buffer
 355:USB_DEVICE/App/usbd_desc.c ****   */
 356:USB_DEVICE/App/usbd_desc.c **** uint8_t * USBD_FS_InterfaceStrDescriptor(USBD_SpeedTypeDef speed, uint16_t *length)
 357:USB_DEVICE/App/usbd_desc.c **** {
 358:USB_DEVICE/App/usbd_desc.c ****   if(speed == 0)
 359:USB_DEVICE/App/usbd_desc.c ****   {
 360:USB_DEVICE/App/usbd_desc.c ****     USBD_GetString((uint8_t *)USBD_INTERFACE_STRING_FS, USBD_StrDesc, length);
 361:USB_DEVICE/App/usbd_desc.c ****   }
 362:USB_DEVICE/App/usbd_desc.c ****   else
 363:USB_DEVICE/App/usbd_desc.c ****   {
 364:USB_DEVICE/App/usbd_desc.c ****     USBD_GetString((uint8_t *)USBD_INTERFACE_STRING_FS, USBD_StrDesc, length);
 365:USB_DEVICE/App/usbd_desc.c ****   }
ARM GAS  /tmp/cculcewu.s 			page 9


 366:USB_DEVICE/App/usbd_desc.c ****   return USBD_StrDesc;
 367:USB_DEVICE/App/usbd_desc.c **** }
 368:USB_DEVICE/App/usbd_desc.c **** 
 369:USB_DEVICE/App/usbd_desc.c **** #if (USBD_LPM_ENABLED == 1)
 370:USB_DEVICE/App/usbd_desc.c **** /**
 371:USB_DEVICE/App/usbd_desc.c ****   * @brief  Return the BOS descriptor
 372:USB_DEVICE/App/usbd_desc.c ****   * @param  speed : Current device speed
 373:USB_DEVICE/App/usbd_desc.c ****   * @param  length : Pointer to data length variable
 374:USB_DEVICE/App/usbd_desc.c ****   * @retval Pointer to descriptor buffer
 375:USB_DEVICE/App/usbd_desc.c ****   */
 376:USB_DEVICE/App/usbd_desc.c **** uint8_t * USBD_FS_USR_BOSDescriptor(USBD_SpeedTypeDef speed, uint16_t *length)
 377:USB_DEVICE/App/usbd_desc.c **** {
  97              		.loc 1 377 1 is_stmt 1 view -0
  98              		.cfi_startproc
  99              		@ args = 0, pretend = 0, frame = 0
 100              		@ frame_needed = 0, uses_anonymous_args = 0
 101              		@ link register save eliminated.
 378:USB_DEVICE/App/usbd_desc.c ****   UNUSED(speed);
 102              		.loc 1 378 3 view .LVU15
 379:USB_DEVICE/App/usbd_desc.c ****   *length = sizeof(USBD_FS_BOSDesc);
 103              		.loc 1 379 3 view .LVU16
 104              		.loc 1 379 11 is_stmt 0 view .LVU17
 105 0000 0C23     		movs	r3, #12
 106 0002 0B80     		strh	r3, [r1]	@ movhi
 380:USB_DEVICE/App/usbd_desc.c ****   return (uint8_t*)USBD_FS_BOSDesc;
 107              		.loc 1 380 3 is_stmt 1 view .LVU18
 381:USB_DEVICE/App/usbd_desc.c **** }
 108              		.loc 1 381 1 is_stmt 0 view .LVU19
 109 0004 0048     		ldr	r0, .L8
 110              	.LVL5:
 111              		.loc 1 381 1 view .LVU20
 112 0006 7047     		bx	lr
 113              	.L9:
 114              		.align	2
 115              	.L8:
 116 0008 00000000 		.word	.LANCHOR2
 117              		.cfi_endproc
 118              	.LFE152:
 120              		.section	.text.IntToUnicode,"ax",%progbits
 121              		.align	1
 122              		.syntax unified
 123              		.thumb
 124              		.thumb_func
 125              		.fpu fpv5-d16
 127              	IntToUnicode:
 128              	.LVL6:
 129              	.LFB154:
 382:USB_DEVICE/App/usbd_desc.c **** #endif /* (USBD_LPM_ENABLED == 1) */
 383:USB_DEVICE/App/usbd_desc.c **** 
 384:USB_DEVICE/App/usbd_desc.c **** /**
 385:USB_DEVICE/App/usbd_desc.c ****   * @brief  Create the serial number string descriptor
 386:USB_DEVICE/App/usbd_desc.c ****   * @param  None
 387:USB_DEVICE/App/usbd_desc.c ****   * @retval None
 388:USB_DEVICE/App/usbd_desc.c ****   */
 389:USB_DEVICE/App/usbd_desc.c **** static void Get_SerialNum(void)
 390:USB_DEVICE/App/usbd_desc.c **** {
 391:USB_DEVICE/App/usbd_desc.c ****   uint32_t deviceserial0, deviceserial1, deviceserial2;
ARM GAS  /tmp/cculcewu.s 			page 10


 392:USB_DEVICE/App/usbd_desc.c **** 
 393:USB_DEVICE/App/usbd_desc.c ****   deviceserial0 = *(uint32_t *) DEVICE_ID1;
 394:USB_DEVICE/App/usbd_desc.c ****   deviceserial1 = *(uint32_t *) DEVICE_ID2;
 395:USB_DEVICE/App/usbd_desc.c ****   deviceserial2 = *(uint32_t *) DEVICE_ID3;
 396:USB_DEVICE/App/usbd_desc.c **** 
 397:USB_DEVICE/App/usbd_desc.c ****   deviceserial0 += deviceserial2;
 398:USB_DEVICE/App/usbd_desc.c **** 
 399:USB_DEVICE/App/usbd_desc.c ****   if (deviceserial0 != 0)
 400:USB_DEVICE/App/usbd_desc.c ****   {
 401:USB_DEVICE/App/usbd_desc.c ****     IntToUnicode(deviceserial0, &USBD_StringSerial[2], 8);
 402:USB_DEVICE/App/usbd_desc.c ****     IntToUnicode(deviceserial1, &USBD_StringSerial[18], 4);
 403:USB_DEVICE/App/usbd_desc.c ****   }
 404:USB_DEVICE/App/usbd_desc.c **** }
 405:USB_DEVICE/App/usbd_desc.c **** 
 406:USB_DEVICE/App/usbd_desc.c **** /**
 407:USB_DEVICE/App/usbd_desc.c ****   * @brief  Convert Hex 32Bits value into char
 408:USB_DEVICE/App/usbd_desc.c ****   * @param  value: value to convert
 409:USB_DEVICE/App/usbd_desc.c ****   * @param  pbuf: pointer to the buffer
 410:USB_DEVICE/App/usbd_desc.c ****   * @param  len: buffer length
 411:USB_DEVICE/App/usbd_desc.c ****   * @retval None
 412:USB_DEVICE/App/usbd_desc.c ****   */
 413:USB_DEVICE/App/usbd_desc.c **** static void IntToUnicode(uint32_t value, uint8_t * pbuf, uint8_t len)
 414:USB_DEVICE/App/usbd_desc.c **** {
 130              		.loc 1 414 1 is_stmt 1 view -0
 131              		.cfi_startproc
 132              		@ args = 0, pretend = 0, frame = 0
 133              		@ frame_needed = 0, uses_anonymous_args = 0
 134              		@ link register save eliminated.
 415:USB_DEVICE/App/usbd_desc.c ****   uint8_t idx = 0;
 135              		.loc 1 415 3 view .LVU22
 416:USB_DEVICE/App/usbd_desc.c **** 
 417:USB_DEVICE/App/usbd_desc.c ****   for (idx = 0; idx < len; idx++)
 136              		.loc 1 417 3 view .LVU23
 137              		.loc 1 417 12 is_stmt 0 view .LVU24
 138 0000 0023     		movs	r3, #0
 139              	.LVL7:
 140              		.loc 1 417 17 is_stmt 1 view .LVU25
 141              		.loc 1 417 3 is_stmt 0 view .LVU26
 142 0002 9342     		cmp	r3, r2
 143 0004 17D2     		bcs	.L18
 414:USB_DEVICE/App/usbd_desc.c ****   uint8_t idx = 0;
 144              		.loc 1 414 1 view .LVU27
 145 0006 30B4     		push	{r4, r5}
 146              	.LCFI0:
 147              		.cfi_def_cfa_offset 8
 148              		.cfi_offset 4, -8
 149              		.cfi_offset 5, -4
 150 0008 0BE0     		b	.L14
 151              	.L12:
 418:USB_DEVICE/App/usbd_desc.c ****   {
 419:USB_DEVICE/App/usbd_desc.c ****     if (((value >> 28)) < 0xA)
 420:USB_DEVICE/App/usbd_desc.c ****     {
 421:USB_DEVICE/App/usbd_desc.c ****       pbuf[2 * idx] = (value >> 28) + '0';
 422:USB_DEVICE/App/usbd_desc.c ****     }
 423:USB_DEVICE/App/usbd_desc.c ****     else
 424:USB_DEVICE/App/usbd_desc.c ****     {
 425:USB_DEVICE/App/usbd_desc.c ****       pbuf[2 * idx] = (value >> 28) + 'A' - 10;
ARM GAS  /tmp/cculcewu.s 			page 11


 152              		.loc 1 425 7 is_stmt 1 view .LVU28
 153              		.loc 1 425 43 is_stmt 0 view .LVU29
 154 000a 3734     		adds	r4, r4, #55
 155              		.loc 1 425 21 view .LVU30
 156 000c 01F81340 		strb	r4, [r1, r3, lsl #1]
 157              	.L13:
 426:USB_DEVICE/App/usbd_desc.c ****     }
 427:USB_DEVICE/App/usbd_desc.c **** 
 428:USB_DEVICE/App/usbd_desc.c ****     value = value << 4;
 158              		.loc 1 428 5 is_stmt 1 discriminator 2 view .LVU31
 159              		.loc 1 428 11 is_stmt 0 discriminator 2 view .LVU32
 160 0010 0001     		lsls	r0, r0, #4
 161              	.LVL8:
 429:USB_DEVICE/App/usbd_desc.c **** 
 430:USB_DEVICE/App/usbd_desc.c ****     pbuf[2 * idx + 1] = 0;
 162              		.loc 1 430 5 is_stmt 1 discriminator 2 view .LVU33
 163              		.loc 1 430 12 is_stmt 0 discriminator 2 view .LVU34
 164 0012 5C00     		lsls	r4, r3, #1
 165              		.loc 1 430 9 discriminator 2 view .LVU35
 166 0014 0134     		adds	r4, r4, #1
 167              		.loc 1 430 23 discriminator 2 view .LVU36
 168 0016 0025     		movs	r5, #0
 169 0018 0D55     		strb	r5, [r1, r4]
 417:USB_DEVICE/App/usbd_desc.c ****   {
 170              		.loc 1 417 28 is_stmt 1 discriminator 2 view .LVU37
 417:USB_DEVICE/App/usbd_desc.c ****   {
 171              		.loc 1 417 31 is_stmt 0 discriminator 2 view .LVU38
 172 001a 0133     		adds	r3, r3, #1
 173              	.LVL9:
 417:USB_DEVICE/App/usbd_desc.c ****   {
 174              		.loc 1 417 31 discriminator 2 view .LVU39
 175 001c DBB2     		uxtb	r3, r3
 176              	.LVL10:
 417:USB_DEVICE/App/usbd_desc.c ****   {
 177              		.loc 1 417 17 is_stmt 1 discriminator 2 view .LVU40
 417:USB_DEVICE/App/usbd_desc.c ****   {
 178              		.loc 1 417 3 is_stmt 0 discriminator 2 view .LVU41
 179 001e 9342     		cmp	r3, r2
 180 0020 07D2     		bcs	.L19
 181              	.L14:
 419:USB_DEVICE/App/usbd_desc.c ****     {
 182              		.loc 1 419 5 is_stmt 1 view .LVU42
 419:USB_DEVICE/App/usbd_desc.c ****     {
 183              		.loc 1 419 17 is_stmt 0 view .LVU43
 184 0022 040F     		lsrs	r4, r0, #28
 419:USB_DEVICE/App/usbd_desc.c ****     {
 185              		.loc 1 419 8 view .LVU44
 186 0024 B0F1204F 		cmp	r0, #-1610612736
 187 0028 EFD2     		bcs	.L12
 421:USB_DEVICE/App/usbd_desc.c ****     }
 188              		.loc 1 421 7 is_stmt 1 view .LVU45
 421:USB_DEVICE/App/usbd_desc.c ****     }
 189              		.loc 1 421 37 is_stmt 0 view .LVU46
 190 002a 3034     		adds	r4, r4, #48
 421:USB_DEVICE/App/usbd_desc.c ****     }
 191              		.loc 1 421 21 view .LVU47
 192 002c 01F81340 		strb	r4, [r1, r3, lsl #1]
ARM GAS  /tmp/cculcewu.s 			page 12


 193 0030 EEE7     		b	.L13
 194              	.L19:
 431:USB_DEVICE/App/usbd_desc.c ****   }
 432:USB_DEVICE/App/usbd_desc.c **** }
 195              		.loc 1 432 1 view .LVU48
 196 0032 30BC     		pop	{r4, r5}
 197              	.LCFI1:
 198              		.cfi_restore 5
 199              		.cfi_restore 4
 200              		.cfi_def_cfa_offset 0
 201 0034 7047     		bx	lr
 202              	.L18:
 203              		.loc 1 432 1 view .LVU49
 204 0036 7047     		bx	lr
 205              		.cfi_endproc
 206              	.LFE154:
 208              		.section	.text.Get_SerialNum,"ax",%progbits
 209              		.align	1
 210              		.syntax unified
 211              		.thumb
 212              		.thumb_func
 213              		.fpu fpv5-d16
 215              	Get_SerialNum:
 216              	.LFB153:
 390:USB_DEVICE/App/usbd_desc.c ****   uint32_t deviceserial0, deviceserial1, deviceserial2;
 217              		.loc 1 390 1 is_stmt 1 view -0
 218              		.cfi_startproc
 219              		@ args = 0, pretend = 0, frame = 0
 220              		@ frame_needed = 0, uses_anonymous_args = 0
 221 0000 38B5     		push	{r3, r4, r5, lr}
 222              	.LCFI2:
 223              		.cfi_def_cfa_offset 16
 224              		.cfi_offset 3, -16
 225              		.cfi_offset 4, -12
 226              		.cfi_offset 5, -8
 227              		.cfi_offset 14, -4
 391:USB_DEVICE/App/usbd_desc.c **** 
 228              		.loc 1 391 3 view .LVU51
 393:USB_DEVICE/App/usbd_desc.c ****   deviceserial1 = *(uint32_t *) DEVICE_ID2;
 229              		.loc 1 393 3 view .LVU52
 393:USB_DEVICE/App/usbd_desc.c ****   deviceserial1 = *(uint32_t *) DEVICE_ID2;
 230              		.loc 1 393 17 is_stmt 0 view .LVU53
 231 0002 0A4B     		ldr	r3, .L24
 232 0004 1868     		ldr	r0, [r3]
 233              	.LVL11:
 394:USB_DEVICE/App/usbd_desc.c ****   deviceserial2 = *(uint32_t *) DEVICE_ID3;
 234              		.loc 1 394 3 is_stmt 1 view .LVU54
 394:USB_DEVICE/App/usbd_desc.c ****   deviceserial2 = *(uint32_t *) DEVICE_ID3;
 235              		.loc 1 394 17 is_stmt 0 view .LVU55
 236 0006 0433     		adds	r3, r3, #4
 237 0008 1C68     		ldr	r4, [r3]
 238              	.LVL12:
 395:USB_DEVICE/App/usbd_desc.c **** 
 239              		.loc 1 395 3 is_stmt 1 view .LVU56
 395:USB_DEVICE/App/usbd_desc.c **** 
 240              		.loc 1 395 17 is_stmt 0 view .LVU57
 241 000a 0433     		adds	r3, r3, #4
ARM GAS  /tmp/cculcewu.s 			page 13


 242 000c 1B68     		ldr	r3, [r3]
 243              	.LVL13:
 397:USB_DEVICE/App/usbd_desc.c **** 
 244              		.loc 1 397 3 is_stmt 1 view .LVU58
 399:USB_DEVICE/App/usbd_desc.c ****   {
 245              		.loc 1 399 3 view .LVU59
 399:USB_DEVICE/App/usbd_desc.c ****   {
 246              		.loc 1 399 6 is_stmt 0 view .LVU60
 247 000e C018     		adds	r0, r0, r3
 248              	.LVL14:
 399:USB_DEVICE/App/usbd_desc.c ****   {
 249              		.loc 1 399 6 view .LVU61
 250 0010 00D1     		bne	.L23
 251              	.LVL15:
 252              	.L20:
 404:USB_DEVICE/App/usbd_desc.c **** 
 253              		.loc 1 404 1 view .LVU62
 254 0012 38BD     		pop	{r3, r4, r5, pc}
 255              	.LVL16:
 256              	.L23:
 401:USB_DEVICE/App/usbd_desc.c ****     IntToUnicode(deviceserial1, &USBD_StringSerial[18], 4);
 257              		.loc 1 401 5 is_stmt 1 view .LVU63
 258 0014 064D     		ldr	r5, .L24+4
 259 0016 0822     		movs	r2, #8
 260 0018 A91C     		adds	r1, r5, #2
 261 001a FFF7FEFF 		bl	IntToUnicode
 262              	.LVL17:
 402:USB_DEVICE/App/usbd_desc.c ****   }
 263              		.loc 1 402 5 view .LVU64
 264 001e 0422     		movs	r2, #4
 265 0020 05F11201 		add	r1, r5, #18
 266 0024 2046     		mov	r0, r4
 267 0026 FFF7FEFF 		bl	IntToUnicode
 268              	.LVL18:
 404:USB_DEVICE/App/usbd_desc.c **** 
 269              		.loc 1 404 1 is_stmt 0 view .LVU65
 270 002a F2E7     		b	.L20
 271              	.L25:
 272              		.align	2
 273              	.L24:
 274 002c 20F4F01F 		.word	535884832
 275 0030 00000000 		.word	.LANCHOR3
 276              		.cfi_endproc
 277              	.LFE153:
 279              		.section	.text.USBD_FS_SerialStrDescriptor,"ax",%progbits
 280              		.align	1
 281              		.global	USBD_FS_SerialStrDescriptor
 282              		.syntax unified
 283              		.thumb
 284              		.thumb_func
 285              		.fpu fpv5-d16
 287              	USBD_FS_SerialStrDescriptor:
 288              	.LVL19:
 289              	.LFB149:
 318:USB_DEVICE/App/usbd_desc.c ****   UNUSED(speed);
 290              		.loc 1 318 1 is_stmt 1 view -0
 291              		.cfi_startproc
ARM GAS  /tmp/cculcewu.s 			page 14


 292              		@ args = 0, pretend = 0, frame = 0
 293              		@ frame_needed = 0, uses_anonymous_args = 0
 318:USB_DEVICE/App/usbd_desc.c ****   UNUSED(speed);
 294              		.loc 1 318 1 is_stmt 0 view .LVU67
 295 0000 08B5     		push	{r3, lr}
 296              	.LCFI3:
 297              		.cfi_def_cfa_offset 8
 298              		.cfi_offset 3, -8
 299              		.cfi_offset 14, -4
 319:USB_DEVICE/App/usbd_desc.c ****   *length = USB_SIZ_STRING_SERIAL;
 300              		.loc 1 319 3 is_stmt 1 view .LVU68
 320:USB_DEVICE/App/usbd_desc.c **** 
 301              		.loc 1 320 3 view .LVU69
 320:USB_DEVICE/App/usbd_desc.c **** 
 302              		.loc 1 320 11 is_stmt 0 view .LVU70
 303 0002 1A23     		movs	r3, #26
 304 0004 0B80     		strh	r3, [r1]	@ movhi
 324:USB_DEVICE/App/usbd_desc.c ****   /* USER CODE BEGIN USBD_FS_SerialStrDescriptor */
 305              		.loc 1 324 3 is_stmt 1 view .LVU71
 306 0006 FFF7FEFF 		bl	Get_SerialNum
 307              	.LVL20:
 328:USB_DEVICE/App/usbd_desc.c **** }
 308              		.loc 1 328 3 view .LVU72
 329:USB_DEVICE/App/usbd_desc.c **** 
 309              		.loc 1 329 1 is_stmt 0 view .LVU73
 310 000a 0148     		ldr	r0, .L28
 311 000c 08BD     		pop	{r3, pc}
 312              	.L29:
 313 000e 00BF     		.align	2
 314              	.L28:
 315 0010 00000000 		.word	.LANCHOR3
 316              		.cfi_endproc
 317              	.LFE149:
 319              		.section	.rodata.USBD_FS_ProductStrDescriptor.str1.4,"aMS",%progbits,1
 320              		.align	2
 321              	.LC0:
 322 0000 53544D33 		.ascii	"STM32 Virtual ComPort\000"
 322      32205669 
 322      72747561 
 322      6C20436F 
 322      6D506F72 
 323              		.section	.text.USBD_FS_ProductStrDescriptor,"ax",%progbits
 324              		.align	1
 325              		.global	USBD_FS_ProductStrDescriptor
 326              		.syntax unified
 327              		.thumb
 328              		.thumb_func
 329              		.fpu fpv5-d16
 331              	USBD_FS_ProductStrDescriptor:
 332              	.LVL21:
 333              	.LFB147:
 286:USB_DEVICE/App/usbd_desc.c ****   if(speed == 0)
 334              		.loc 1 286 1 is_stmt 1 view -0
 335              		.cfi_startproc
 336              		@ args = 0, pretend = 0, frame = 0
 337              		@ frame_needed = 0, uses_anonymous_args = 0
 286:USB_DEVICE/App/usbd_desc.c ****   if(speed == 0)
ARM GAS  /tmp/cculcewu.s 			page 15


 338              		.loc 1 286 1 is_stmt 0 view .LVU75
 339 0000 08B5     		push	{r3, lr}
 340              	.LCFI4:
 341              		.cfi_def_cfa_offset 8
 342              		.cfi_offset 3, -8
 343              		.cfi_offset 14, -4
 344 0002 0A46     		mov	r2, r1
 287:USB_DEVICE/App/usbd_desc.c ****   {
 345              		.loc 1 287 3 is_stmt 1 view .LVU76
 287:USB_DEVICE/App/usbd_desc.c ****   {
 346              		.loc 1 287 5 is_stmt 0 view .LVU77
 347 0004 28B9     		cbnz	r0, .L31
 289:USB_DEVICE/App/usbd_desc.c ****   }
 348              		.loc 1 289 5 is_stmt 1 view .LVU78
 349 0006 0549     		ldr	r1, .L34
 350              	.LVL22:
 289:USB_DEVICE/App/usbd_desc.c ****   }
 351              		.loc 1 289 5 is_stmt 0 view .LVU79
 352 0008 0548     		ldr	r0, .L34+4
 353              	.LVL23:
 289:USB_DEVICE/App/usbd_desc.c ****   }
 354              		.loc 1 289 5 view .LVU80
 355 000a FFF7FEFF 		bl	USBD_GetString
 356              	.LVL24:
 357              	.L32:
 295:USB_DEVICE/App/usbd_desc.c **** }
 358              		.loc 1 295 3 is_stmt 1 view .LVU81
 296:USB_DEVICE/App/usbd_desc.c **** 
 359              		.loc 1 296 1 is_stmt 0 view .LVU82
 360 000e 0348     		ldr	r0, .L34
 361 0010 08BD     		pop	{r3, pc}
 362              	.LVL25:
 363              	.L31:
 293:USB_DEVICE/App/usbd_desc.c ****   }
 364              		.loc 1 293 5 is_stmt 1 view .LVU83
 365 0012 0249     		ldr	r1, .L34
 366              	.LVL26:
 293:USB_DEVICE/App/usbd_desc.c ****   }
 367              		.loc 1 293 5 is_stmt 0 view .LVU84
 368 0014 0248     		ldr	r0, .L34+4
 369              	.LVL27:
 293:USB_DEVICE/App/usbd_desc.c ****   }
 370              		.loc 1 293 5 view .LVU85
 371 0016 FFF7FEFF 		bl	USBD_GetString
 372              	.LVL28:
 293:USB_DEVICE/App/usbd_desc.c ****   }
 373              		.loc 1 293 5 view .LVU86
 374 001a F8E7     		b	.L32
 375              	.L35:
 376              		.align	2
 377              	.L34:
 378 001c 00000000 		.word	USBD_StrDesc
 379 0020 00000000 		.word	.LC0
 380              		.cfi_endproc
 381              	.LFE147:
 383              		.section	.rodata.USBD_FS_ManufacturerStrDescriptor.str1.4,"aMS",%progbits,1
 384              		.align	2
ARM GAS  /tmp/cculcewu.s 			page 16


 385              	.LC1:
 386 0000 53544D69 		.ascii	"STMicroelectronics\000"
 386      63726F65 
 386      6C656374 
 386      726F6E69 
 386      637300
 387              		.section	.text.USBD_FS_ManufacturerStrDescriptor,"ax",%progbits
 388              		.align	1
 389              		.global	USBD_FS_ManufacturerStrDescriptor
 390              		.syntax unified
 391              		.thumb
 392              		.thumb_func
 393              		.fpu fpv5-d16
 395              	USBD_FS_ManufacturerStrDescriptor:
 396              	.LVL29:
 397              	.LFB148:
 305:USB_DEVICE/App/usbd_desc.c ****   UNUSED(speed);
 398              		.loc 1 305 1 is_stmt 1 view -0
 399              		.cfi_startproc
 400              		@ args = 0, pretend = 0, frame = 0
 401              		@ frame_needed = 0, uses_anonymous_args = 0
 305:USB_DEVICE/App/usbd_desc.c ****   UNUSED(speed);
 402              		.loc 1 305 1 is_stmt 0 view .LVU88
 403 0000 10B5     		push	{r4, lr}
 404              	.LCFI5:
 405              		.cfi_def_cfa_offset 8
 406              		.cfi_offset 4, -8
 407              		.cfi_offset 14, -4
 408 0002 0A46     		mov	r2, r1
 306:USB_DEVICE/App/usbd_desc.c ****   USBD_GetString((uint8_t *)USBD_MANUFACTURER_STRING, USBD_StrDesc, length);
 409              		.loc 1 306 3 is_stmt 1 view .LVU89
 307:USB_DEVICE/App/usbd_desc.c ****   return USBD_StrDesc;
 410              		.loc 1 307 3 view .LVU90
 411 0004 034C     		ldr	r4, .L38
 412 0006 2146     		mov	r1, r4
 413              	.LVL30:
 307:USB_DEVICE/App/usbd_desc.c ****   return USBD_StrDesc;
 414              		.loc 1 307 3 is_stmt 0 view .LVU91
 415 0008 0348     		ldr	r0, .L38+4
 416              	.LVL31:
 307:USB_DEVICE/App/usbd_desc.c ****   return USBD_StrDesc;
 417              		.loc 1 307 3 view .LVU92
 418 000a FFF7FEFF 		bl	USBD_GetString
 419              	.LVL32:
 308:USB_DEVICE/App/usbd_desc.c **** }
 420              		.loc 1 308 3 is_stmt 1 view .LVU93
 309:USB_DEVICE/App/usbd_desc.c **** 
 421              		.loc 1 309 1 is_stmt 0 view .LVU94
 422 000e 2046     		mov	r0, r4
 423 0010 10BD     		pop	{r4, pc}
 424              	.L39:
 425 0012 00BF     		.align	2
 426              	.L38:
 427 0014 00000000 		.word	USBD_StrDesc
 428 0018 00000000 		.word	.LC1
 429              		.cfi_endproc
 430              	.LFE148:
ARM GAS  /tmp/cculcewu.s 			page 17


 432              		.section	.rodata.USBD_FS_ConfigStrDescriptor.str1.4,"aMS",%progbits,1
 433              		.align	2
 434              	.LC2:
 435 0000 43444320 		.ascii	"CDC Config\000"
 435      436F6E66 
 435      696700
 436              		.section	.text.USBD_FS_ConfigStrDescriptor,"ax",%progbits
 437              		.align	1
 438              		.global	USBD_FS_ConfigStrDescriptor
 439              		.syntax unified
 440              		.thumb
 441              		.thumb_func
 442              		.fpu fpv5-d16
 444              	USBD_FS_ConfigStrDescriptor:
 445              	.LVL33:
 446              	.LFB150:
 338:USB_DEVICE/App/usbd_desc.c ****   if(speed == USBD_SPEED_HIGH)
 447              		.loc 1 338 1 is_stmt 1 view -0
 448              		.cfi_startproc
 449              		@ args = 0, pretend = 0, frame = 0
 450              		@ frame_needed = 0, uses_anonymous_args = 0
 338:USB_DEVICE/App/usbd_desc.c ****   if(speed == USBD_SPEED_HIGH)
 451              		.loc 1 338 1 is_stmt 0 view .LVU96
 452 0000 08B5     		push	{r3, lr}
 453              	.LCFI6:
 454              		.cfi_def_cfa_offset 8
 455              		.cfi_offset 3, -8
 456              		.cfi_offset 14, -4
 457 0002 0A46     		mov	r2, r1
 339:USB_DEVICE/App/usbd_desc.c ****   {
 458              		.loc 1 339 3 is_stmt 1 view .LVU97
 339:USB_DEVICE/App/usbd_desc.c ****   {
 459              		.loc 1 339 5 is_stmt 0 view .LVU98
 460 0004 28B9     		cbnz	r0, .L41
 341:USB_DEVICE/App/usbd_desc.c ****   }
 461              		.loc 1 341 5 is_stmt 1 view .LVU99
 462 0006 0549     		ldr	r1, .L44
 463              	.LVL34:
 341:USB_DEVICE/App/usbd_desc.c ****   }
 464              		.loc 1 341 5 is_stmt 0 view .LVU100
 465 0008 0548     		ldr	r0, .L44+4
 466              	.LVL35:
 341:USB_DEVICE/App/usbd_desc.c ****   }
 467              		.loc 1 341 5 view .LVU101
 468 000a FFF7FEFF 		bl	USBD_GetString
 469              	.LVL36:
 470              	.L42:
 347:USB_DEVICE/App/usbd_desc.c **** }
 471              		.loc 1 347 3 is_stmt 1 view .LVU102
 348:USB_DEVICE/App/usbd_desc.c **** 
 472              		.loc 1 348 1 is_stmt 0 view .LVU103
 473 000e 0348     		ldr	r0, .L44
 474 0010 08BD     		pop	{r3, pc}
 475              	.LVL37:
 476              	.L41:
 345:USB_DEVICE/App/usbd_desc.c ****   }
 477              		.loc 1 345 5 is_stmt 1 view .LVU104
ARM GAS  /tmp/cculcewu.s 			page 18


 478 0012 0249     		ldr	r1, .L44
 479              	.LVL38:
 345:USB_DEVICE/App/usbd_desc.c ****   }
 480              		.loc 1 345 5 is_stmt 0 view .LVU105
 481 0014 0248     		ldr	r0, .L44+4
 482              	.LVL39:
 345:USB_DEVICE/App/usbd_desc.c ****   }
 483              		.loc 1 345 5 view .LVU106
 484 0016 FFF7FEFF 		bl	USBD_GetString
 485              	.LVL40:
 345:USB_DEVICE/App/usbd_desc.c ****   }
 486              		.loc 1 345 5 view .LVU107
 487 001a F8E7     		b	.L42
 488              	.L45:
 489              		.align	2
 490              	.L44:
 491 001c 00000000 		.word	USBD_StrDesc
 492 0020 00000000 		.word	.LC2
 493              		.cfi_endproc
 494              	.LFE150:
 496              		.section	.rodata.USBD_FS_InterfaceStrDescriptor.str1.4,"aMS",%progbits,1
 497              		.align	2
 498              	.LC3:
 499 0000 43444320 		.ascii	"CDC Interface\000"
 499      496E7465 
 499      72666163 
 499      6500
 500              		.section	.text.USBD_FS_InterfaceStrDescriptor,"ax",%progbits
 501              		.align	1
 502              		.global	USBD_FS_InterfaceStrDescriptor
 503              		.syntax unified
 504              		.thumb
 505              		.thumb_func
 506              		.fpu fpv5-d16
 508              	USBD_FS_InterfaceStrDescriptor:
 509              	.LVL41:
 510              	.LFB151:
 357:USB_DEVICE/App/usbd_desc.c ****   if(speed == 0)
 511              		.loc 1 357 1 is_stmt 1 view -0
 512              		.cfi_startproc
 513              		@ args = 0, pretend = 0, frame = 0
 514              		@ frame_needed = 0, uses_anonymous_args = 0
 357:USB_DEVICE/App/usbd_desc.c ****   if(speed == 0)
 515              		.loc 1 357 1 is_stmt 0 view .LVU109
 516 0000 08B5     		push	{r3, lr}
 517              	.LCFI7:
 518              		.cfi_def_cfa_offset 8
 519              		.cfi_offset 3, -8
 520              		.cfi_offset 14, -4
 521 0002 0A46     		mov	r2, r1
 358:USB_DEVICE/App/usbd_desc.c ****   {
 522              		.loc 1 358 3 is_stmt 1 view .LVU110
 358:USB_DEVICE/App/usbd_desc.c ****   {
 523              		.loc 1 358 5 is_stmt 0 view .LVU111
 524 0004 28B9     		cbnz	r0, .L47
 360:USB_DEVICE/App/usbd_desc.c ****   }
 525              		.loc 1 360 5 is_stmt 1 view .LVU112
ARM GAS  /tmp/cculcewu.s 			page 19


 526 0006 0549     		ldr	r1, .L50
 527              	.LVL42:
 360:USB_DEVICE/App/usbd_desc.c ****   }
 528              		.loc 1 360 5 is_stmt 0 view .LVU113
 529 0008 0548     		ldr	r0, .L50+4
 530              	.LVL43:
 360:USB_DEVICE/App/usbd_desc.c ****   }
 531              		.loc 1 360 5 view .LVU114
 532 000a FFF7FEFF 		bl	USBD_GetString
 533              	.LVL44:
 534              	.L48:
 366:USB_DEVICE/App/usbd_desc.c **** }
 535              		.loc 1 366 3 is_stmt 1 view .LVU115
 367:USB_DEVICE/App/usbd_desc.c **** 
 536              		.loc 1 367 1 is_stmt 0 view .LVU116
 537 000e 0348     		ldr	r0, .L50
 538 0010 08BD     		pop	{r3, pc}
 539              	.LVL45:
 540              	.L47:
 364:USB_DEVICE/App/usbd_desc.c ****   }
 541              		.loc 1 364 5 is_stmt 1 view .LVU117
 542 0012 0249     		ldr	r1, .L50
 543              	.LVL46:
 364:USB_DEVICE/App/usbd_desc.c ****   }
 544              		.loc 1 364 5 is_stmt 0 view .LVU118
 545 0014 0248     		ldr	r0, .L50+4
 546              	.LVL47:
 364:USB_DEVICE/App/usbd_desc.c ****   }
 547              		.loc 1 364 5 view .LVU119
 548 0016 FFF7FEFF 		bl	USBD_GetString
 549              	.LVL48:
 364:USB_DEVICE/App/usbd_desc.c ****   }
 550              		.loc 1 364 5 view .LVU120
 551 001a F8E7     		b	.L48
 552              	.L51:
 553              		.align	2
 554              	.L50:
 555 001c 00000000 		.word	USBD_StrDesc
 556 0020 00000000 		.word	.LC3
 557              		.cfi_endproc
 558              	.LFE151:
 560              		.global	USBD_StringSerial
 561              		.comm	USBD_StrDesc,512,4
 562              		.global	USBD_LangIDDesc
 563              		.global	USBD_FS_BOSDesc
 564              		.global	USBD_FS_DeviceDesc
 565              		.global	FS_Desc
 566              		.section	.data.FS_Desc,"aw"
 567              		.align	2
 570              	FS_Desc:
 571 0000 00000000 		.word	USBD_FS_DeviceDescriptor
 572 0004 00000000 		.word	USBD_FS_LangIDStrDescriptor
 573 0008 00000000 		.word	USBD_FS_ManufacturerStrDescriptor
 574 000c 00000000 		.word	USBD_FS_ProductStrDescriptor
 575 0010 00000000 		.word	USBD_FS_SerialStrDescriptor
 576 0014 00000000 		.word	USBD_FS_ConfigStrDescriptor
 577 0018 00000000 		.word	USBD_FS_InterfaceStrDescriptor
ARM GAS  /tmp/cculcewu.s 			page 20


 578 001c 00000000 		.word	USBD_FS_USR_BOSDescriptor
 579              		.section	.data.USBD_FS_BOSDesc,"aw"
 580              		.align	2
 581              		.set	.LANCHOR2,. + 0
 584              	USBD_FS_BOSDesc:
 585 0000 050F0C00 		.ascii	"\005\017\014\000\001\007\020\002\002\000\000\000"
 585      01071002 
 585      02000000 
 586              		.section	.data.USBD_FS_DeviceDesc,"aw"
 587              		.align	2
 588              		.set	.LANCHOR0,. + 0
 591              	USBD_FS_DeviceDesc:
 592 0000 12010102 		.ascii	"\022\001\001\002\002\002\000@\203\004@W\000\002\001"
 592      02020040 
 592      83044057 
 592      000201
 593 000f 020301   		.ascii	"\002\003\001"
 594              		.section	.data.USBD_LangIDDesc,"aw"
 595              		.align	2
 596              		.set	.LANCHOR1,. + 0
 599              	USBD_LangIDDesc:
 600 0000 04030904 		.ascii	"\004\003\011\004"
 601              		.section	.data.USBD_StringSerial,"aw"
 602              		.align	2
 603              		.set	.LANCHOR3,. + 0
 606              	USBD_StringSerial:
 607 0000 1A0300   		.ascii	"\032\003\000"
 608 0003 00000000 		.space	23
 608      00000000 
 608      00000000 
 608      00000000 
 608      00000000 
 609              		.text
 610              	.Letext0:
 611              		.file 2 "/usr/include/newlib/machine/_default_types.h"
 612              		.file 3 "/usr/lib/gcc/arm-none-eabi/9.2.1/include/stddef.h"
 613              		.file 4 "/usr/include/newlib/sys/_types.h"
 614              		.file 5 "/usr/include/newlib/sys/reent.h"
 615              		.file 6 "/usr/include/newlib/sys/lock.h"
 616              		.file 7 "/usr/include/newlib/sys/_stdint.h"
 617              		.file 8 "/usr/include/newlib/stdlib.h"
 618              		.file 9 "Drivers/CMSIS/Include/core_cm7.h"
 619              		.file 10 "Drivers/CMSIS/Device/ST/STM32F7xx/Include/system_stm32f7xx.h"
 620              		.file 11 "Drivers/STM32F7xx_HAL_Driver/Inc/stm32f7xx_hal.h"
 621              		.file 12 "Middlewares/ST/STM32_USB_Device_Library/Core/Inc/usbd_def.h"
 622              		.file 13 "USB_DEVICE/App/usbd_desc.h"
 623              		.file 14 "Middlewares/ST/STM32_USB_Device_Library/Core/Inc/usbd_ctlreq.h"
ARM GAS  /tmp/cculcewu.s 			page 21


DEFINED SYMBOLS
                            *ABS*:0000000000000000 usbd_desc.c
     /tmp/cculcewu.s:17     .text.USBD_FS_DeviceDescriptor:0000000000000000 $t
     /tmp/cculcewu.s:25     .text.USBD_FS_DeviceDescriptor:0000000000000000 USBD_FS_DeviceDescriptor
     /tmp/cculcewu.s:48     .text.USBD_FS_DeviceDescriptor:0000000000000008 $d
     /tmp/cculcewu.s:53     .text.USBD_FS_LangIDStrDescriptor:0000000000000000 $t
     /tmp/cculcewu.s:60     .text.USBD_FS_LangIDStrDescriptor:0000000000000000 USBD_FS_LangIDStrDescriptor
     /tmp/cculcewu.s:82     .text.USBD_FS_LangIDStrDescriptor:0000000000000008 $d
     /tmp/cculcewu.s:87     .text.USBD_FS_USR_BOSDescriptor:0000000000000000 $t
     /tmp/cculcewu.s:94     .text.USBD_FS_USR_BOSDescriptor:0000000000000000 USBD_FS_USR_BOSDescriptor
     /tmp/cculcewu.s:116    .text.USBD_FS_USR_BOSDescriptor:0000000000000008 $d
     /tmp/cculcewu.s:121    .text.IntToUnicode:0000000000000000 $t
     /tmp/cculcewu.s:127    .text.IntToUnicode:0000000000000000 IntToUnicode
     /tmp/cculcewu.s:209    .text.Get_SerialNum:0000000000000000 $t
     /tmp/cculcewu.s:215    .text.Get_SerialNum:0000000000000000 Get_SerialNum
     /tmp/cculcewu.s:274    .text.Get_SerialNum:000000000000002c $d
     /tmp/cculcewu.s:280    .text.USBD_FS_SerialStrDescriptor:0000000000000000 $t
     /tmp/cculcewu.s:287    .text.USBD_FS_SerialStrDescriptor:0000000000000000 USBD_FS_SerialStrDescriptor
     /tmp/cculcewu.s:315    .text.USBD_FS_SerialStrDescriptor:0000000000000010 $d
     /tmp/cculcewu.s:320    .rodata.USBD_FS_ProductStrDescriptor.str1.4:0000000000000000 $d
     /tmp/cculcewu.s:324    .text.USBD_FS_ProductStrDescriptor:0000000000000000 $t
     /tmp/cculcewu.s:331    .text.USBD_FS_ProductStrDescriptor:0000000000000000 USBD_FS_ProductStrDescriptor
     /tmp/cculcewu.s:378    .text.USBD_FS_ProductStrDescriptor:000000000000001c $d
                            *COM*:0000000000000200 USBD_StrDesc
     /tmp/cculcewu.s:384    .rodata.USBD_FS_ManufacturerStrDescriptor.str1.4:0000000000000000 $d
     /tmp/cculcewu.s:388    .text.USBD_FS_ManufacturerStrDescriptor:0000000000000000 $t
     /tmp/cculcewu.s:395    .text.USBD_FS_ManufacturerStrDescriptor:0000000000000000 USBD_FS_ManufacturerStrDescriptor
     /tmp/cculcewu.s:427    .text.USBD_FS_ManufacturerStrDescriptor:0000000000000014 $d
     /tmp/cculcewu.s:433    .rodata.USBD_FS_ConfigStrDescriptor.str1.4:0000000000000000 $d
     /tmp/cculcewu.s:437    .text.USBD_FS_ConfigStrDescriptor:0000000000000000 $t
     /tmp/cculcewu.s:444    .text.USBD_FS_ConfigStrDescriptor:0000000000000000 USBD_FS_ConfigStrDescriptor
     /tmp/cculcewu.s:491    .text.USBD_FS_ConfigStrDescriptor:000000000000001c $d
     /tmp/cculcewu.s:497    .rodata.USBD_FS_InterfaceStrDescriptor.str1.4:0000000000000000 $d
     /tmp/cculcewu.s:501    .text.USBD_FS_InterfaceStrDescriptor:0000000000000000 $t
     /tmp/cculcewu.s:508    .text.USBD_FS_InterfaceStrDescriptor:0000000000000000 USBD_FS_InterfaceStrDescriptor
     /tmp/cculcewu.s:555    .text.USBD_FS_InterfaceStrDescriptor:000000000000001c $d
     /tmp/cculcewu.s:606    .data.USBD_StringSerial:0000000000000000 USBD_StringSerial
     /tmp/cculcewu.s:599    .data.USBD_LangIDDesc:0000000000000000 USBD_LangIDDesc
     /tmp/cculcewu.s:584    .data.USBD_FS_BOSDesc:0000000000000000 USBD_FS_BOSDesc
     /tmp/cculcewu.s:591    .data.USBD_FS_DeviceDesc:0000000000000000 USBD_FS_DeviceDesc
     /tmp/cculcewu.s:570    .data.FS_Desc:0000000000000000 FS_Desc
     /tmp/cculcewu.s:567    .data.FS_Desc:0000000000000000 $d
     /tmp/cculcewu.s:580    .data.USBD_FS_BOSDesc:0000000000000000 $d
     /tmp/cculcewu.s:587    .data.USBD_FS_DeviceDesc:0000000000000000 $d
     /tmp/cculcewu.s:595    .data.USBD_LangIDDesc:0000000000000000 $d
     /tmp/cculcewu.s:602    .data.USBD_StringSerial:0000000000000000 $d

UNDEFINED SYMBOLS
USBD_GetString
